{"meta": {"format": 3, "version": "7.12.0", "timestamp": "2025-11-30T21:29:12.622144", "branch_coverage": false, "show_contexts": false}, "files": {"src/jpscripts/__init__.py": {"executed_lines": [1, 3, 5], "summary": {"covered_lines": 3, "num_statements": 3, "percent_covered": 100.0, "percent_covered_display": "100", "missing_lines": 0, "excluded_lines": 0, "percent_statements_covered": 100.0, "percent_statements_covered_display": "100"}, "missing_lines": [], "excluded_lines": [], "functions": {"": {"executed_lines": [1, 3, 5], "summary": {"covered_lines": 3, "num_statements": 3, "percent_covered": 100.0, "percent_covered_display": "100", "missing_lines": 0, "excluded_lines": 0, "percent_statements_covered": 100.0, "percent_statements_covered_display": "100"}, "missing_lines": [], "excluded_lines": []}}, "classes": {"": {"executed_lines": [1, 3, 5], "summary": {"covered_lines": 3, "num_statements": 3, "percent_covered": 100.0, "percent_covered_display": "100", "missing_lines": 0, "excluded_lines": 0, "percent_statements_covered": 100.0, "percent_statements_covered_display": "100"}, "missing_lines": [], "excluded_lines": []}}}, "src/jpscripts/__main__.py": {"executed_lines": [], "summary": {"covered_lines": 0, "num_statements": 6, "percent_covered": 0.0, "percent_covered_display": "0", "missing_lines": 6, "excluded_lines": 0, "percent_statements_covered": 0.0, "percent_statements_covered_display": "0"}, "missing_lines": [1, 3, 6, 7, 10, 11], "excluded_lines": [], "functions": {"main": {"executed_lines": [], "summary": {"covered_lines": 0, "num_statements": 1, "percent_covered": 0.0, "percent_covered_display": "0", "missing_lines": 1, "excluded_lines": 0, "percent_statements_covered": 0.0, "percent_statements_covered_display": "0"}, "missing_lines": [7], "excluded_lines": []}, "": {"executed_lines": [], "summary": {"covered_lines": 0, "num_statements": 5, "percent_covered": 0.0, "percent_covered_display": "0", "missing_lines": 5, "excluded_lines": 0, "percent_statements_covered": 0.0, "percent_statements_covered_display": "0"}, "missing_lines": [1, 3, 6, 10, 11], "excluded_lines": []}}, "classes": {"": {"executed_lines": [], "summary": {"covered_lines": 0, "num_statements": 6, "percent_covered": 0.0, "percent_covered_display": "0", "missing_lines": 6, "excluded_lines": 0, "percent_statements_covered": 0.0, "percent_statements_covered_display": "0"}, "missing_lines": [1, 3, 6, 7, 10, 11], "excluded_lines": []}}}, "src/jpscripts/commands/__init__.py": {"executed_lines": [1, 3, 19], "summary": {"covered_lines": 3, "num_statements": 3, "percent_covered": 100.0, "percent_covered_display": "100", "missing_lines": 0, "excluded_lines": 0, "percent_statements_covered": 100.0, "percent_statements_covered_display": "100"}, "missing_lines": [], "excluded_lines": [], "functions": {"": {"executed_lines": [1, 3, 19], "summary": {"covered_lines": 3, "num_statements": 3, "percent_covered": 100.0, "percent_covered_display": "100", "missing_lines": 0, "excluded_lines": 0, "percent_statements_covered": 100.0, "percent_statements_covered_display": "100"}, "missing_lines": [], "excluded_lines": []}}, "classes": {"": {"executed_lines": [1, 3, 19], "summary": {"covered_lines": 3, "num_statements": 3, "percent_covered": 100.0, "percent_covered_display": "100", "missing_lines": 0, "excluded_lines": 0, "percent_statements_covered": 100.0, "percent_statements_covered_display": "100"}, "missing_lines": [], "excluded_lines": []}}}, "src/jpscripts/commands/agent.py": {"executed_lines": [1, 13, 15, 16, 17, 18, 20, 21, 22, 23, 25, 31, 32, 40, 41, 48, 66, 68, 74, 93, 94, 95, 98, 124, 125, 126, 131, 132, 137, 143, 144, 155, 156, 163, 164, 175, 234, 235, 237, 238, 242, 245, 246, 247, 248, 249, 250, 255, 257, 258, 267, 281, 282, 283, 286, 287, 288, 289, 290, 292, 293, 302, 303, 304, 306, 308, 309, 312, 313, 318, 329, 334, 335, 347, 348, 356, 357, 358, 359], "summary": {"covered_lines": 78, "num_statements": 108, "percent_covered": 72.22222222222223, "percent_covered_display": "72", "missing_lines": 30, "excluded_lines": 0, "percent_statements_covered": 72.22222222222223, "percent_statements_covered_display": "72"}, "missing_lines": [76, 77, 78, 80, 81, 82, 83, 85, 86, 88, 90, 133, 134, 150, 151, 152, 165, 166, 167, 239, 240, 251, 252, 330, 331, 336, 337, 344, 345, 349], "excluded_lines": [], "functions": {"_fetch_response_from_provider": {"executed_lines": [66, 68, 74, 93, 94, 95], "summary": {"covered_lines": 6, "num_statements": 17, "percent_covered": 35.294117647058826, "percent_covered_display": "35", "missing_lines": 11, "excluded_lines": 0, "percent_statements_covered": 35.294117647058826, "percent_statements_covered_display": "35"}, "missing_lines": [76, 77, 78, 80, 81, 82, 83, 85, 86, 88, 90], "excluded_lines": []}, "_fetch_agent_response": {"executed_lines": [124, 125, 126, 131, 132, 137, 143, 144, 155, 156, 163, 164], "summary": {"covered_lines": 12, "num_statements": 20, "percent_covered": 60.0, "percent_covered_display": "60", "missing_lines": 8, "excluded_lines": 0, "percent_statements_covered": 60.0, "percent_statements_covered_display": "60"}, "missing_lines": [133, 134, 150, 151, 152, 165, 166, 167], "excluded_lines": []}, "codex_exec": {"executed_lines": [234, 235, 237, 238, 242, 245, 246, 247, 248, 249, 250, 255, 257, 267, 281, 282, 283, 286, 287, 288, 289, 290, 292, 302, 303, 304, 306, 308, 309, 312, 313, 318, 329, 334, 335, 347, 348, 356, 357, 358, 359], "summary": {"covered_lines": 41, "num_statements": 52, "percent_covered": 78.84615384615384, "percent_covered_display": "79", "missing_lines": 11, "excluded_lines": 0, "percent_statements_covered": 78.84615384615384, "percent_statements_covered_display": "79"}, "missing_lines": [239, 240, 251, 252, 330, 331, 336, 337, 344, 345, 349], "excluded_lines": []}, "codex_exec.fetcher": {"executed_lines": [258], "summary": {"covered_lines": 1, "num_statements": 1, "percent_covered": 100.0, "percent_covered_display": "100", "missing_lines": 0, "excluded_lines": 0, "percent_statements_covered": 100.0, "percent_statements_covered_display": "100"}, "missing_lines": [], "excluded_lines": []}, "codex_exec._prepare": {"executed_lines": [293], "summary": {"covered_lines": 1, "num_statements": 1, "percent_covered": 100.0, "percent_covered_display": "100", "missing_lines": 0, "excluded_lines": 0, "percent_statements_covered": 100.0, "percent_statements_covered_display": "100"}, "missing_lines": [], "excluded_lines": []}, "": {"executed_lines": [1, 13, 15, 16, 17, 18, 20, 21, 22, 23, 25, 31, 32, 40, 41, 48, 98, 175], "summary": {"covered_lines": 17, "num_statements": 17, "percent_covered": 100.0, "percent_covered_display": "100", "missing_lines": 0, "excluded_lines": 0, "percent_statements_covered": 100.0, "percent_statements_covered_display": "100"}, "missing_lines": [], "excluded_lines": []}}, "classes": {"": {"executed_lines": [1, 13, 15, 16, 17, 18, 20, 21, 22, 23, 25, 31, 32, 40, 41, 48, 66, 68, 74, 93, 94, 95, 98, 124, 125, 126, 131, 132, 137, 143, 144, 155, 156, 163, 164, 175, 234, 235, 237, 238, 242, 245, 246, 247, 248, 249, 250, 255, 257, 258, 267, 281, 282, 283, 286, 287, 288, 289, 290, 292, 293, 302, 303, 304, 306, 308, 309, 312, 313, 318, 329, 334, 335, 347, 348, 356, 357, 358, 359], "summary": {"covered_lines": 78, "num_statements": 108, "percent_covered": 72.22222222222223, "percent_covered_display": "72", "missing_lines": 30, "excluded_lines": 0, "percent_statements_covered": 72.22222222222223, "percent_statements_covered_display": "72"}, "missing_lines": [76, 77, 78, 80, 81, 82, 83, 85, 86, 88, 90, 133, 134, 150, 151, 152, 165, 166, 167, 239, 240, 251, 252, 330, 331, 336, 337, 344, 345, 349], "excluded_lines": []}}}, "src/jpscripts/commands/evolve.py": {"executed_lines": [1, 14, 16, 17, 18, 19, 21, 22, 23, 24, 26, 27, 34, 35, 36, 37, 38, 39, 40, 41, 42, 43, 45, 47, 50, 82, 172, 409, 410, 436, 437, 533, 534], "summary": {"covered_lines": 32, "num_statements": 275, "percent_covered": 11.636363636363637, "percent_covered_display": "12", "missing_lines": 243, "excluded_lines": 0, "percent_statements_covered": 11.636363636363637, "percent_statements_covered_display": "12"}, "missing_lines": [52, 56, 93, 94, 99, 102, 103, 106, 133, 134, 146, 147, 148, 149, 151, 152, 160, 161, 162, 164, 165, 166, 167, 168, 169, 179, 182, 183, 184, 185, 186, 187, 188, 190, 191, 192, 193, 194, 195, 196, 197, 200, 201, 202, 203, 204, 205, 206, 207, 208, 211, 212, 213, 214, 215, 217, 218, 225, 228, 229, 230, 234, 236, 237, 249, 250, 251, 254, 255, 257, 258, 259, 260, 261, 264, 265, 266, 269, 270, 271, 272, 274, 275, 276, 281, 282, 284, 285, 288, 290, 302, 303, 304, 305, 306, 308, 311, 312, 313, 314, 315, 316, 317, 318, 320, 321, 323, 324, 325, 326, 327, 328, 329, 331, 332, 333, 334, 335, 336, 337, 338, 339, 340, 341, 343, 344, 345, 346, 347, 348, 350, 353, 354, 355, 356, 357, 358, 359, 361, 364, 365, 366, 367, 368, 369, 370, 371, 372, 378, 380, 381, 382, 383, 384, 385, 386, 387, 393, 395, 398, 432, 433, 446, 447, 449, 450, 451, 452, 453, 454, 455, 457, 458, 459, 462, 466, 467, 468, 469, 472, 473, 474, 475, 476, 477, 478, 479, 480, 481, 483, 484, 485, 486, 487, 488, 489, 491, 492, 501, 504, 505, 507, 508, 509, 510, 512, 514, 515, 516, 517, 518, 520, 521, 528, 530, 544, 545, 547, 548, 549, 550, 551, 552, 553, 554, 556, 557, 558, 560, 561, 562, 563, 564, 565, 566, 568, 569, 578, 580, 581, 582, 583, 588], "excluded_lines": [], "functions": {"_build_optimizer_prompt": {"executed_lines": [], "summary": {"covered_lines": 0, "num_statements": 2, "percent_covered": 0.0, "percent_covered_display": "0", "missing_lines": 2, "excluded_lines": 0, "percent_statements_covered": 0.0, "percent_statements_covered_display": "0"}, "missing_lines": [52, 56], "excluded_lines": []}, "_create_evolution_pr": {"executed_lines": [], "summary": {"covered_lines": 0, "num_statements": 23, "percent_covered": 0.0, "percent_covered_display": "0", "missing_lines": 23, "excluded_lines": 0, "percent_statements_covered": 0.0, "percent_statements_covered_display": "0"}, "missing_lines": [93, 94, 99, 102, 103, 106, 133, 134, 146, 147, 148, 149, 151, 152, 160, 161, 162, 164, 165, 166, 167, 168, 169], "excluded_lines": []}, "_run_evolve": {"executed_lines": [], "summary": {"covered_lines": 0, "num_statements": 113, "percent_covered": 0.0, "percent_covered_display": "0", "missing_lines": 113, "excluded_lines": 0, "percent_statements_covered": 0.0, "percent_statements_covered_display": "0"}, "missing_lines": [179, 182, 183, 184, 185, 186, 187, 188, 190, 191, 192, 193, 194, 195, 196, 197, 200, 201, 202, 203, 204, 205, 206, 207, 208, 211, 212, 213, 214, 215, 217, 218, 225, 228, 229, 230, 234, 236, 237, 249, 250, 251, 254, 255, 257, 258, 259, 260, 261, 264, 265, 266, 269, 270, 271, 272, 274, 284, 288, 290, 302, 303, 304, 305, 306, 308, 311, 312, 313, 314, 315, 316, 317, 318, 320, 321, 323, 343, 344, 345, 346, 347, 348, 350, 353, 354, 355, 356, 357, 358, 359, 361, 364, 365, 366, 367, 368, 369, 370, 371, 372, 378, 380, 381, 382, 383, 384, 385, 386, 387, 393, 395, 398], "excluded_lines": []}, "_run_evolve.fetch_response": {"executed_lines": [], "summary": {"covered_lines": 0, "num_statements": 4, "percent_covered": 0.0, "percent_covered_display": "0", "missing_lines": 4, "excluded_lines": 0, "percent_statements_covered": 0.0, "percent_statements_covered_display": "0"}, "missing_lines": [275, 276, 281, 282], "excluded_lines": []}, "_run_evolve.fetcher": {"executed_lines": [], "summary": {"covered_lines": 0, "num_statements": 1, "percent_covered": 0.0, "percent_covered_display": "0", "missing_lines": 1, "excluded_lines": 0, "percent_statements_covered": 0.0, "percent_statements_covered_display": "0"}, "missing_lines": [285], "excluded_lines": []}, "_run_evolve._collect_dependent_tests": {"executed_lines": [], "summary": {"covered_lines": 0, "num_statements": 17, "percent_covered": 0.0, "percent_covered_display": "0", "missing_lines": 17, "excluded_lines": 0, "percent_statements_covered": 0.0, "percent_statements_covered_display": "0"}, "missing_lines": [324, 325, 326, 327, 328, 329, 331, 332, 333, 334, 335, 336, 337, 338, 339, 340, 341], "excluded_lines": []}, "evolve_run": {"executed_lines": [], "summary": {"covered_lines": 0, "num_statements": 2, "percent_covered": 0.0, "percent_covered_display": "0", "missing_lines": 2, "excluded_lines": 0, "percent_statements_covered": 0.0, "percent_statements_covered_display": "0"}, "missing_lines": [432, 433], "excluded_lines": []}, "evolve_report": {"executed_lines": [], "summary": {"covered_lines": 0, "num_statements": 4, "percent_covered": 0.0, "percent_covered_display": "0", "missing_lines": 4, "excluded_lines": 0, "percent_statements_covered": 0.0, "percent_statements_covered_display": "0"}, "missing_lines": [446, 447, 449, 530], "excluded_lines": []}, "evolve_report._report": {"executed_lines": [], "summary": {"covered_lines": 0, "num_statements": 49, "percent_covered": 0.0, "percent_covered_display": "0", "missing_lines": 49, "excluded_lines": 0, "percent_statements_covered": 0.0, "percent_statements_covered_display": "0"}, "missing_lines": [450, 451, 452, 453, 454, 455, 457, 458, 459, 462, 466, 467, 468, 469, 472, 473, 474, 475, 476, 477, 478, 479, 480, 481, 483, 484, 485, 486, 487, 488, 489, 491, 492, 501, 504, 505, 507, 508, 509, 510, 512, 514, 515, 516, 517, 518, 520, 521, 528], "excluded_lines": []}, "evolve_debt": {"executed_lines": [], "summary": {"covered_lines": 0, "num_statements": 4, "percent_covered": 0.0, "percent_covered_display": "0", "missing_lines": 4, "excluded_lines": 0, "percent_statements_covered": 0.0, "percent_statements_covered_display": "0"}, "missing_lines": [544, 545, 547, 588], "excluded_lines": []}, "evolve_debt._debt": {"executed_lines": [], "summary": {"covered_lines": 0, "num_statements": 24, "percent_covered": 0.0, "percent_covered_display": "0", "missing_lines": 24, "excluded_lines": 0, "percent_statements_covered": 0.0, "percent_statements_covered_display": "0"}, "missing_lines": [548, 549, 550, 551, 552, 553, 554, 556, 557, 558, 560, 561, 562, 563, 564, 565, 566, 568, 569, 578, 580, 581, 582, 583], "excluded_lines": []}, "": {"executed_lines": [1, 14, 16, 17, 18, 19, 21, 22, 23, 24, 26, 27, 34, 35, 36, 37, 38, 39, 40, 41, 42, 43, 45, 47, 50, 82, 172, 409, 410, 436, 437, 533, 534], "summary": {"covered_lines": 32, "num_statements": 32, "percent_covered": 100.0, "percent_covered_display": "100", "missing_lines": 0, "excluded_lines": 0, "percent_statements_covered": 100.0, "percent_statements_covered_display": "100"}, "missing_lines": [], "excluded_lines": []}}, "classes": {"": {"executed_lines": [1, 14, 16, 17, 18, 19, 21, 22, 23, 24, 26, 27, 34, 35, 36, 37, 38, 39, 40, 41, 42, 43, 45, 47, 50, 82, 172, 409, 410, 436, 437, 533, 534], "summary": {"covered_lines": 32, "num_statements": 275, "percent_covered": 11.636363636363637, "percent_covered_display": "12", "missing_lines": 243, "excluded_lines": 0, "percent_statements_covered": 11.636363636363637, "percent_statements_covered_display": "12"}, "missing_lines": [52, 56, 93, 94, 99, 102, 103, 106, 133, 134, 146, 147, 148, 149, 151, 152, 160, 161, 162, 164, 165, 166, 167, 168, 169, 179, 182, 183, 184, 185, 186, 187, 188, 190, 191, 192, 193, 194, 195, 196, 197, 200, 201, 202, 203, 204, 205, 206, 207, 208, 211, 212, 213, 214, 215, 217, 218, 225, 228, 229, 230, 234, 236, 237, 249, 250, 251, 254, 255, 257, 258, 259, 260, 261, 264, 265, 266, 269, 270, 271, 272, 274, 275, 276, 281, 282, 284, 285, 288, 290, 302, 303, 304, 305, 306, 308, 311, 312, 313, 314, 315, 316, 317, 318, 320, 321, 323, 324, 325, 326, 327, 328, 329, 331, 332, 333, 334, 335, 336, 337, 338, 339, 340, 341, 343, 344, 345, 346, 347, 348, 350, 353, 354, 355, 356, 357, 358, 359, 361, 364, 365, 366, 367, 368, 369, 370, 371, 372, 378, 380, 381, 382, 383, 384, 385, 386, 387, 393, 395, 398, 432, 433, 446, 447, 449, 450, 451, 452, 453, 454, 455, 457, 458, 459, 462, 466, 467, 468, 469, 472, 473, 474, 475, 476, 477, 478, 479, 480, 481, 483, 484, 485, 486, 487, 488, 489, 491, 492, 501, 504, 505, 507, 508, 509, 510, 512, 514, 515, 516, 517, 518, 520, 521, 528, 530, 544, 545, 547, 548, 549, 550, 551, 552, 553, 554, 556, 557, 558, 560, 561, 562, 563, 564, 565, 566, 568, 569, 578, 580, 581, 582, 583, 588], "excluded_lines": []}}}, "src/jpscripts/commands/git_extra.py": {"executed_lines": [1, 3, 4, 5, 6, 7, 8, 10, 11, 12, 13, 15, 16, 17, 18, 19, 20, 21, 23, 24, 27, 34, 35, 36, 37, 38, 39, 41, 42, 46, 47, 51, 52, 53, 54, 60, 65, 79, 80, 86, 87, 89, 90, 92, 95, 98, 99, 140, 143, 144, 200, 203, 229, 240, 241, 271, 272, 308], "summary": {"covered_lines": 58, "num_statements": 211, "percent_covered": 27.488151658767773, "percent_covered_display": "27", "missing_lines": 153, "excluded_lines": 0, "percent_statements_covered": 27.488151658767773, "percent_statements_covered_display": "27"}, "missing_lines": [31, 43, 55, 56, 57, 61, 62, 66, 71, 72, 73, 76, 105, 106, 107, 109, 110, 111, 113, 114, 115, 116, 117, 118, 119, 121, 122, 123, 124, 125, 126, 127, 129, 130, 132, 133, 134, 136, 137, 151, 152, 153, 154, 155, 156, 158, 159, 160, 162, 164, 166, 167, 168, 169, 170, 173, 174, 175, 176, 177, 178, 179, 181, 184, 185, 186, 187, 188, 190, 191, 192, 194, 195, 197, 204, 205, 207, 218, 219, 220, 223, 225, 226, 230, 232, 233, 234, 235, 236, 237, 247, 248, 250, 251, 252, 253, 255, 256, 257, 258, 259, 261, 262, 263, 264, 265, 267, 268, 277, 279, 280, 281, 282, 283, 284, 286, 287, 288, 289, 290, 291, 292, 293, 294, 295, 297, 298, 299, 300, 301, 303, 305, 315, 316, 318, 319, 320, 322, 323, 324, 325, 326, 328, 329, 330, 331, 332, 333, 334, 336, 337, 339, 340], "excluded_lines": [], "functions": {"_pick_with_fzf": {"executed_lines": [], "summary": {"covered_lines": 0, "num_statements": 1, "percent_covered": 0.0, "percent_covered_display": "0", "missing_lines": 1, "excluded_lines": 0, "percent_statements_covered": 0.0, "percent_statements_covered_display": "0"}, "missing_lines": [31], "excluded_lines": []}, "PullRequest.label": {"executed_lines": [], "summary": {"covered_lines": 0, "num_statements": 1, "percent_covered": 0.0, "percent_covered_display": "0", "missing_lines": 1, "excluded_lines": 0, "percent_statements_covered": 0.0, "percent_statements_covered_display": "0"}, "missing_lines": [43], "excluded_lines": []}, "git_extra_callback": {"executed_lines": [], "summary": {"covered_lines": 0, "num_statements": 0, "percent_covered": 100.0, "percent_covered_display": "100", "missing_lines": 0, "excluded_lines": 0, "percent_statements_covered": 100.0, "percent_statements_covered_display": "100"}, "missing_lines": [], "excluded_lines": []}, "_unwrap_result": {"executed_lines": [52, 53, 54], "summary": {"covered_lines": 3, "num_statements": 6, "percent_covered": 50.0, "percent_covered_display": "50", "missing_lines": 3, "excluded_lines": 0, "percent_statements_covered": 50.0, "percent_statements_covered_display": "50"}, "missing_lines": [55, 56, 57], "excluded_lines": []}, "_ensure_repo": {"executed_lines": [], "summary": {"covered_lines": 0, "num_statements": 2, "percent_covered": 0.0, "percent_covered_display": "0", "missing_lines": 2, "excluded_lines": 0, "percent_statements_covered": 0.0, "percent_statements_covered_display": "0"}, "missing_lines": [61, 62], "excluded_lines": []}, "_run_passthrough_command": {"executed_lines": [], "summary": {"covered_lines": 0, "num_statements": 5, "percent_covered": 0.0, "percent_covered_display": "0", "missing_lines": 5, "excluded_lines": 0, "percent_statements_covered": 0.0, "percent_statements_covered_display": "0"}, "missing_lines": [66, 71, 72, 73, 76], "excluded_lines": []}, "gundo_last": {"executed_lines": [86, 87, 89, 90, 92], "summary": {"covered_lines": 5, "num_statements": 5, "percent_covered": 100.0, "percent_covered_display": "100", "missing_lines": 0, "excluded_lines": 0, "percent_statements_covered": 100.0, "percent_statements_covered_display": "100"}, "missing_lines": [], "excluded_lines": []}, "gstage": {"executed_lines": [], "summary": {"covered_lines": 0, "num_statements": 27, "percent_covered": 0.0, "percent_covered_display": "0", "missing_lines": 27, "excluded_lines": 0, "percent_statements_covered": 0.0, "percent_statements_covered_display": "0"}, "missing_lines": [105, 106, 107, 109, 110, 111, 113, 114, 115, 116, 117, 118, 119, 121, 122, 123, 124, 125, 126, 127, 129, 130, 132, 133, 134, 136, 137], "excluded_lines": []}, "gpr": {"executed_lines": [], "summary": {"covered_lines": 0, "num_statements": 35, "percent_covered": 0.0, "percent_covered_display": "0", "missing_lines": 35, "excluded_lines": 0, "percent_statements_covered": 0.0, "percent_statements_covered_display": "0"}, "missing_lines": [151, 152, 153, 154, 155, 156, 158, 159, 160, 162, 164, 166, 167, 168, 169, 170, 173, 174, 175, 176, 177, 178, 179, 181, 184, 185, 186, 187, 188, 190, 191, 192, 194, 195, 197], "excluded_lines": []}, "_get_prs": {"executed_lines": [], "summary": {"covered_lines": 0, "num_statements": 9, "percent_covered": 0.0, "percent_covered_display": "0", "missing_lines": 9, "excluded_lines": 0, "percent_statements_covered": 0.0, "percent_statements_covered_display": "0"}, "missing_lines": [204, 205, 207, 218, 219, 220, 223, 225, 226], "excluded_lines": []}, "_repo_web_url": {"executed_lines": [], "summary": {"covered_lines": 0, "num_statements": 7, "percent_covered": 0.0, "percent_covered_display": "0", "missing_lines": 7, "excluded_lines": 0, "percent_statements_covered": 0.0, "percent_statements_covered_display": "0"}, "missing_lines": [230, 232, 233, 234, 235, 236, 237], "excluded_lines": []}, "gbrowse": {"executed_lines": [], "summary": {"covered_lines": 0, "num_statements": 18, "percent_covered": 0.0, "percent_covered_display": "0", "missing_lines": 18, "excluded_lines": 0, "percent_statements_covered": 0.0, "percent_statements_covered_display": "0"}, "missing_lines": [247, 248, 250, 251, 252, 253, 255, 256, 257, 258, 259, 261, 262, 263, 264, 265, 267, 268], "excluded_lines": []}, "git_branchcheck": {"executed_lines": [], "summary": {"covered_lines": 0, "num_statements": 19, "percent_covered": 0.0, "percent_covered_display": "0", "missing_lines": 19, "excluded_lines": 0, "percent_statements_covered": 0.0, "percent_statements_covered_display": "0"}, "missing_lines": [277, 279, 286, 287, 288, 289, 290, 291, 292, 293, 294, 295, 297, 298, 299, 300, 301, 303, 305], "excluded_lines": []}, "git_branchcheck._collect": {"executed_lines": [], "summary": {"covered_lines": 0, "num_statements": 5, "percent_covered": 0.0, "percent_covered_display": "0", "missing_lines": 5, "excluded_lines": 0, "percent_statements_covered": 0.0, "percent_statements_covered_display": "0"}, "missing_lines": [280, 281, 282, 283, 284], "excluded_lines": []}, "stashview": {"executed_lines": [], "summary": {"covered_lines": 0, "num_statements": 21, "percent_covered": 0.0, "percent_covered_display": "0", "missing_lines": 21, "excluded_lines": 0, "percent_statements_covered": 0.0, "percent_statements_covered_display": "0"}, "missing_lines": [315, 316, 318, 319, 320, 322, 323, 324, 325, 326, 328, 329, 330, 331, 332, 333, 334, 336, 337, 339, 340], "excluded_lines": []}, "": {"executed_lines": [1, 3, 4, 5, 6, 7, 8, 10, 11, 12, 13, 15, 16, 17, 18, 19, 20, 21, 23, 24, 27, 34, 35, 36, 37, 38, 39, 41, 42, 46, 47, 51, 60, 65, 79, 80, 95, 98, 99, 140, 143, 144, 200, 203, 229, 240, 241, 271, 272, 308], "summary": {"covered_lines": 50, "num_statements": 50, "percent_covered": 100.0, "percent_covered_display": "100", "missing_lines": 0, "excluded_lines": 0, "percent_statements_covered": 100.0, "percent_statements_covered_display": "100"}, "missing_lines": [], "excluded_lines": []}}, "classes": {"PullRequest": {"executed_lines": [], "summary": {"covered_lines": 0, "num_statements": 1, "percent_covered": 0.0, "percent_covered_display": "0", "missing_lines": 1, "excluded_lines": 0, "percent_statements_covered": 0.0, "percent_statements_covered_display": "0"}, "missing_lines": [43], "excluded_lines": []}, "": {"executed_lines": [1, 3, 4, 5, 6, 7, 8, 10, 11, 12, 13, 15, 16, 17, 18, 19, 20, 21, 23, 24, 27, 34, 35, 36, 37, 38, 39, 41, 42, 46, 47, 51, 52, 53, 54, 60, 65, 79, 80, 86, 87, 89, 90, 92, 95, 98, 99, 140, 143, 144, 200, 203, 229, 240, 241, 271, 272, 308], "summary": {"covered_lines": 58, "num_statements": 210, "percent_covered": 27.61904761904762, "percent_covered_display": "28", "missing_lines": 152, "excluded_lines": 0, "percent_statements_covered": 27.61904761904762, "percent_statements_covered_display": "28"}, "missing_lines": [31, 55, 56, 57, 61, 62, 66, 71, 72, 73, 76, 105, 106, 107, 109, 110, 111, 113, 114, 115, 116, 117, 118, 119, 121, 122, 123, 124, 125, 126, 127, 129, 130, 132, 133, 134, 136, 137, 151, 152, 153, 154, 155, 156, 158, 159, 160, 162, 164, 166, 167, 168, 169, 170, 173, 174, 175, 176, 177, 178, 179, 181, 184, 185, 186, 187, 188, 190, 191, 192, 194, 195, 197, 204, 205, 207, 218, 219, 220, 223, 225, 226, 230, 232, 233, 234, 235, 236, 237, 247, 248, 250, 251, 252, 253, 255, 256, 257, 258, 259, 261, 262, 263, 264, 265, 267, 268, 277, 279, 280, 281, 282, 283, 284, 286, 287, 288, 289, 290, 291, 292, 293, 294, 295, 297, 298, 299, 300, 301, 303, 305, 315, 316, 318, 319, 320, 322, 323, 324, 325, 326, 328, 329, 330, 331, 332, 333, 334, 336, 337, 339, 340], "excluded_lines": []}}}, "src/jpscripts/commands/git_ops.py": {"executed_lines": [1, 3, 4, 5, 7, 8, 9, 10, 11, 13, 14, 15, 16, 19, 20, 21, 22, 25, 51, 83, 100, 137, 138, 237, 239, 240, 241, 242, 243, 254, 255, 261, 262, 266, 268, 273, 274, 275, 284, 287, 288, 289, 290, 293, 296, 302, 303, 304, 306, 307, 310, 311, 313, 314, 315, 317, 318, 319, 320, 323, 325, 326, 327, 329, 331, 332, 333, 334, 335, 336], "summary": {"covered_lines": 70, "num_statements": 202, "percent_covered": 34.65346534653465, "percent_covered_display": "35", "missing_lines": 132, "excluded_lines": 0, "percent_statements_covered": 34.65346534653465, "percent_statements_covered_display": "35"}, "missing_lines": [26, 27, 40, 41, 42, 43, 44, 45, 46, 47, 48, 52, 57, 58, 59, 60, 61, 62, 64, 65, 66, 67, 68, 69, 70, 74, 75, 76, 80, 84, 85, 87, 89, 90, 91, 92, 94, 95, 97, 113, 114, 115, 117, 118, 119, 121, 122, 123, 124, 125, 126, 127, 128, 131, 133, 134, 149, 151, 154, 155, 156, 157, 158, 159, 160, 161, 162, 163, 164, 171, 172, 173, 174, 175, 176, 177, 178, 179, 180, 181, 182, 184, 185, 186, 187, 188, 189, 191, 193, 194, 195, 196, 197, 198, 199, 200, 201, 203, 204, 211, 212, 213, 215, 218, 219, 220, 221, 223, 224, 231, 233, 234, 256, 257, 258, 259, 269, 270, 276, 277, 278, 279, 280, 281, 282, 283, 291, 292, 308, 309, 321, 322], "excluded_lines": [], "functions": {"_describe_repo": {"executed_lines": [], "summary": {"covered_lines": 0, "num_statements": 10, "percent_covered": 0.0, "percent_covered_display": "0", "missing_lines": 10, "excluded_lines": 0, "percent_statements_covered": 0.0, "percent_statements_covered_display": "0"}, "missing_lines": [26, 40, 41, 42, 43, 44, 45, 46, 47, 48], "excluded_lines": []}, "_describe_repo._error_status": {"executed_lines": [], "summary": {"covered_lines": 0, "num_statements": 1, "percent_covered": 0.0, "percent_covered_display": "0", "missing_lines": 1, "excluded_lines": 0, "percent_statements_covered": 0.0, "percent_statements_covered_display": "0"}, "missing_lines": [27], "excluded_lines": []}, "_render_status_table": {"executed_lines": [], "summary": {"covered_lines": 0, "num_statements": 18, "percent_covered": 0.0, "percent_covered_display": "0", "missing_lines": 18, "excluded_lines": 0, "percent_statements_covered": 0.0, "percent_statements_covered_display": "0"}, "missing_lines": [52, 57, 58, 59, 60, 61, 62, 64, 65, 66, 67, 68, 69, 70, 74, 75, 76, 80], "excluded_lines": []}, "_collect_statuses": {"executed_lines": [], "summary": {"covered_lines": 0, "num_statements": 7, "percent_covered": 0.0, "percent_covered_display": "0", "missing_lines": 7, "excluded_lines": 0, "percent_statements_covered": 0.0, "percent_statements_covered_display": "0"}, "missing_lines": [84, 85, 87, 89, 94, 95, 97], "excluded_lines": []}, "_collect_statuses.worker": {"executed_lines": [], "summary": {"covered_lines": 0, "num_statements": 3, "percent_covered": 0.0, "percent_covered_display": "0", "missing_lines": 3, "excluded_lines": 0, "percent_statements_covered": 0.0, "percent_statements_covered_display": "0"}, "missing_lines": [90, 91, 92], "excluded_lines": []}, "status_all": {"executed_lines": [], "summary": {"covered_lines": 0, "num_statements": 17, "percent_covered": 0.0, "percent_covered_display": "0", "missing_lines": 17, "excluded_lines": 0, "percent_statements_covered": 0.0, "percent_statements_covered_display": "0"}, "missing_lines": [113, 114, 115, 117, 118, 119, 121, 122, 123, 124, 125, 126, 127, 128, 131, 133, 134], "excluded_lines": []}, "whatpush": {"executed_lines": [], "summary": {"covered_lines": 0, "num_statements": 33, "percent_covered": 0.0, "percent_covered_display": "0", "missing_lines": 33, "excluded_lines": 0, "percent_statements_covered": 0.0, "percent_statements_covered_display": "0"}, "missing_lines": [149, 151, 184, 185, 186, 187, 188, 189, 191, 193, 194, 195, 196, 197, 198, 199, 200, 201, 203, 204, 211, 212, 213, 215, 218, 219, 220, 221, 223, 224, 231, 233, 234], "excluded_lines": []}, "whatpush._collect": {"executed_lines": [], "summary": {"covered_lines": 0, "num_statements": 23, "percent_covered": 0.0, "percent_covered_display": "0", "missing_lines": 23, "excluded_lines": 0, "percent_statements_covered": 0.0, "percent_statements_covered_display": "0"}, "missing_lines": [154, 155, 156, 157, 158, 159, 160, 161, 162, 163, 164, 171, 172, 173, 174, 175, 176, 177, 178, 179, 180, 181, 182], "excluded_lines": []}, "_fetch_repo": {"executed_lines": [239, 240, 241, 242, 243, 254, 255, 261, 262, 266, 268], "summary": {"covered_lines": 11, "num_statements": 17, "percent_covered": 64.70588235294117, "percent_covered_display": "65", "missing_lines": 6, "excluded_lines": 0, "percent_statements_covered": 64.70588235294117, "percent_statements_covered_display": "65"}, "missing_lines": [256, 257, 258, 259, 269, 270], "excluded_lines": []}, "_resolve_git_dir": {"executed_lines": [274, 275, 284], "summary": {"covered_lines": 3, "num_statements": 11, "percent_covered": 27.272727272727273, "percent_covered_display": "27", "missing_lines": 8, "excluded_lines": 0, "percent_statements_covered": 27.272727272727273, "percent_statements_covered_display": "27"}, "missing_lines": [276, 277, 278, 279, 280, 281, 282, 283], "excluded_lines": []}, "_has_remotes": {"executed_lines": [288, 289, 290, 293], "summary": {"covered_lines": 4, "num_statements": 6, "percent_covered": 66.66666666666667, "percent_covered_display": "67", "missing_lines": 2, "excluded_lines": 0, "percent_statements_covered": 66.66666666666667, "percent_statements_covered_display": "67"}, "missing_lines": [291, 292], "excluded_lines": []}, "sync": {"executed_lines": [302, 303, 304, 306, 307, 310, 311, 313, 329, 331, 332, 333, 334, 335, 336], "summary": {"covered_lines": 15, "num_statements": 17, "percent_covered": 88.23529411764706, "percent_covered_display": "88", "missing_lines": 2, "excluded_lines": 0, "percent_statements_covered": 88.23529411764706, "percent_statements_covered_display": "88"}, "missing_lines": [308, 309], "excluded_lines": []}, "sync.runner": {"executed_lines": [314, 315, 317, 325, 326, 327], "summary": {"covered_lines": 6, "num_statements": 6, "percent_covered": 100.0, "percent_covered_display": "100", "missing_lines": 0, "excluded_lines": 0, "percent_statements_covered": 100.0, "percent_statements_covered_display": "100"}, "missing_lines": [], "excluded_lines": []}, "sync.runner.bounded_fetch": {"executed_lines": [318, 319, 320, 323], "summary": {"covered_lines": 4, "num_statements": 6, "percent_covered": 66.66666666666667, "percent_covered_display": "67", "missing_lines": 2, "excluded_lines": 0, "percent_statements_covered": 66.66666666666667, "percent_statements_covered_display": "67"}, "missing_lines": [321, 322], "excluded_lines": []}, "": {"executed_lines": [1, 3, 4, 5, 7, 8, 9, 10, 11, 13, 14, 15, 16, 19, 20, 21, 22, 25, 51, 83, 100, 137, 138, 237, 273, 287, 296], "summary": {"covered_lines": 27, "num_statements": 27, "percent_covered": 100.0, "percent_covered_display": "100", "missing_lines": 0, "excluded_lines": 0, "percent_statements_covered": 100.0, "percent_statements_covered_display": "100"}, "missing_lines": [], "excluded_lines": []}}, "classes": {"_StatusContext": {"executed_lines": [], "summary": {"covered_lines": 0, "num_statements": 0, "percent_covered": 100.0, "percent_covered_display": "100", "missing_lines": 0, "excluded_lines": 0, "percent_statements_covered": 100.0, "percent_statements_covered_display": "100"}, "missing_lines": [], "excluded_lines": []}, "": {"executed_lines": [1, 3, 4, 5, 7, 8, 9, 10, 11, 13, 14, 15, 16, 19, 20, 21, 22, 25, 51, 83, 100, 137, 138, 237, 239, 240, 241, 242, 243, 254, 255, 261, 262, 266, 268, 273, 274, 275, 284, 287, 288, 289, 290, 293, 296, 302, 303, 304, 306, 307, 310, 311, 313, 314, 315, 317, 318, 319, 320, 323, 325, 326, 327, 329, 331, 332, 333, 334, 335, 336], "summary": {"covered_lines": 70, "num_statements": 202, "percent_covered": 34.65346534653465, "percent_covered_display": "35", "missing_lines": 132, "excluded_lines": 0, "percent_statements_covered": 34.65346534653465, "percent_statements_covered_display": "35"}, "missing_lines": [26, 27, 40, 41, 42, 43, 44, 45, 46, 47, 48, 52, 57, 58, 59, 60, 61, 62, 64, 65, 66, 67, 68, 69, 70, 74, 75, 76, 80, 84, 85, 87, 89, 90, 91, 92, 94, 95, 97, 113, 114, 115, 117, 118, 119, 121, 122, 123, 124, 125, 126, 127, 128, 131, 133, 134, 149, 151, 154, 155, 156, 157, 158, 159, 160, 161, 162, 163, 164, 171, 172, 173, 174, 175, 176, 177, 178, 179, 180, 181, 182, 184, 185, 186, 187, 188, 189, 191, 193, 194, 195, 196, 197, 198, 199, 200, 201, 203, 204, 211, 212, 213, 215, 218, 219, 220, 221, 223, 224, 231, 233, 234, 256, 257, 258, 259, 269, 270, 276, 277, 278, 279, 280, 281, 282, 283, 291, 292, 308, 309, 321, 322], "excluded_lines": []}}}, "src/jpscripts/commands/handbook.py": {"executed_lines": [1, 3, 4, 5, 6, 7, 8, 9, 10, 11, 12, 14, 15, 16, 17, 18, 20, 21, 22, 23, 30, 31, 32, 33, 35, 36, 37, 38, 41, 43, 46, 47, 48, 49, 50, 52, 53, 56, 57, 58, 59, 60, 63, 64, 65, 66, 67, 70, 82, 110, 118, 136, 155, 156, 159, 160, 161, 164, 165, 166, 168, 171, 180, 181, 182, 197, 198, 199, 200, 201, 203, 206, 237, 238, 239, 240, 241, 242, 250, 252, 255, 256, 257, 258, 266, 269, 273, 276, 277, 278, 284, 285, 286, 287, 293, 294, 295, 296, 297, 298, 300, 301, 302, 303, 304, 311, 312, 313, 314, 315, 316, 318, 319, 327, 328, 336, 337, 340, 341, 342, 343, 352, 355, 361, 388, 389, 390, 391, 392, 393, 394, 395, 396, 399, 400, 401, 409, 415, 417, 418, 421, 424, 425, 427, 428, 429, 430, 433, 434, 439, 448, 449, 458, 459, 460, 461, 464, 468, 469, 470, 471, 472, 473, 475, 476, 481, 482, 484, 487, 498, 512, 513, 514, 515, 516, 517, 519, 520, 522, 525, 534, 538, 543, 546, 547, 548, 549, 552, 555, 557, 558, 559, 572, 573, 577, 578, 585, 586, 589, 601, 602, 615, 617, 618, 619, 622, 623, 626, 630, 631, 635, 636, 639, 640, 642, 645, 654, 664, 672, 674, 677, 678, 745, 746], "summary": {"covered_lines": 224, "num_statements": 485, "percent_covered": 46.18556701030928, "percent_covered_display": "46", "missing_lines": 261, "excluded_lines": 0, "percent_statements_covered": 46.18556701030928, "percent_statements_covered_display": "46"}, "missing_lines": [71, 72, 73, 74, 75, 76, 78, 79, 83, 85, 86, 88, 89, 90, 91, 92, 93, 94, 95, 96, 98, 99, 100, 101, 105, 106, 107, 111, 112, 113, 114, 115, 119, 120, 121, 122, 123, 124, 125, 126, 127, 128, 129, 130, 131, 132, 133, 137, 138, 140, 141, 142, 143, 145, 146, 147, 150, 152, 172, 173, 174, 175, 176, 177, 184, 185, 186, 187, 188, 189, 190, 191, 192, 194, 207, 208, 210, 211, 212, 213, 214, 215, 216, 217, 218, 219, 229, 230, 231, 232, 234, 259, 260, 261, 262, 263, 264, 267, 268, 270, 271, 279, 280, 281, 288, 289, 290, 330, 331, 332, 333, 356, 362, 364, 365, 366, 367, 368, 370, 373, 374, 376, 378, 380, 381, 382, 384, 385, 403, 404, 406, 420, 422, 423, 431, 435, 436, 450, 451, 452, 453, 454, 455, 456, 465, 488, 489, 490, 491, 492, 493, 494, 495, 501, 502, 503, 504, 505, 506, 507, 508, 509, 518, 521, 539, 540, 541, 561, 564, 565, 566, 567, 569, 574, 575, 591, 592, 593, 594, 595, 596, 597, 598, 620, 624, 627, 628, 632, 633, 637, 646, 649, 650, 651, 652, 683, 685, 686, 687, 688, 690, 691, 692, 693, 695, 696, 697, 700, 701, 702, 703, 704, 707, 708, 709, 710, 712, 713, 714, 715, 716, 718, 719, 720, 721, 723, 724, 725, 726, 727, 729, 730, 733, 734, 735, 736, 737, 738, 740, 741, 742, 749, 750, 751, 753, 754, 755, 756, 757, 758, 759, 761, 764, 765, 766, 769, 771, 772, 774, 775, 776], "excluded_lines": [], "functions": {"HandbookSection.renderable": {"executed_lines": [53], "summary": {"covered_lines": 1, "num_statements": 1, "percent_covered": 100.0, "percent_covered_display": "100", "missing_lines": 0, "excluded_lines": 0, "percent_statements_covered": 100.0, "percent_statements_covered_display": "100"}, "missing_lines": [], "excluded_lines": []}, "_format_click_params": {"executed_lines": [], "summary": {"covered_lines": 0, "num_statements": 8, "percent_covered": 0.0, "percent_covered_display": "0", "missing_lines": 8, "excluded_lines": 0, "percent_statements_covered": 0.0, "percent_statements_covered_display": "0"}, "missing_lines": [71, 72, 73, 74, 75, 76, 78, 79], "excluded_lines": []}, "_collect_cli_commands": {"executed_lines": [], "summary": {"covered_lines": 0, "num_statements": 7, "percent_covered": 0.0, "percent_covered_display": "0", "missing_lines": 7, "excluded_lines": 0, "percent_statements_covered": 0.0, "percent_statements_covered_display": "0"}, "missing_lines": [83, 85, 86, 88, 105, 106, 107], "excluded_lines": []}, "_collect_cli_commands._walk": {"executed_lines": [], "summary": {"covered_lines": 0, "num_statements": 12, "percent_covered": 0.0, "percent_covered_display": "0", "missing_lines": 12, "excluded_lines": 0, "percent_statements_covered": 0.0, "percent_statements_covered_display": "0"}, "missing_lines": [89, 90, 91, 92, 93, 94, 95, 96, 98, 99, 100, 101], "excluded_lines": []}, "_type_name": {"executed_lines": [], "summary": {"covered_lines": 0, "num_statements": 5, "percent_covered": 0.0, "percent_covered_display": "0", "missing_lines": 5, "excluded_lines": 0, "percent_statements_covered": 0.0, "percent_statements_covered_display": "0"}, "missing_lines": [111, 112, 113, 114, 115], "excluded_lines": []}, "_collect_mcp_tools": {"executed_lines": [], "summary": {"covered_lines": 0, "num_statements": 15, "percent_covered": 0.0, "percent_covered_display": "0", "missing_lines": 15, "excluded_lines": 0, "percent_statements_covered": 0.0, "percent_statements_covered_display": "0"}, "missing_lines": [119, 120, 121, 122, 123, 124, 125, 126, 127, 128, 129, 130, 131, 132, 133], "excluded_lines": []}, "generate_reference": {"executed_lines": [], "summary": {"covered_lines": 0, "num_statements": 11, "percent_covered": 0.0, "percent_covered_display": "0", "missing_lines": 11, "excluded_lines": 0, "percent_statements_covered": 0.0, "percent_statements_covered_display": "0"}, "missing_lines": [137, 138, 140, 141, 142, 143, 145, 146, 147, 150, 152], "excluded_lines": []}, "_project_root": {"executed_lines": [156], "summary": {"covered_lines": 1, "num_statements": 1, "percent_covered": 100.0, "percent_covered_display": "100", "missing_lines": 0, "excluded_lines": 0, "percent_statements_covered": 100.0, "percent_statements_covered_display": "100"}, "missing_lines": [], "excluded_lines": []}, "_tokenize_text": {"executed_lines": [160, 161], "summary": {"covered_lines": 2, "num_statements": 2, "percent_covered": 100.0, "percent_covered_display": "100", "missing_lines": 0, "excluded_lines": 0, "percent_statements_covered": 100.0, "percent_statements_covered_display": "100"}, "missing_lines": [], "excluded_lines": []}, "_ensure_dir": {"executed_lines": [165, 168], "summary": {"covered_lines": 2, "num_statements": 2, "percent_covered": 100.0, "percent_covered_display": "100", "missing_lines": 0, "excluded_lines": 0, "percent_statements_covered": 100.0, "percent_statements_covered_display": "100"}, "missing_lines": [], "excluded_lines": []}, "_ensure_dir._mk": {"executed_lines": [166], "summary": {"covered_lines": 1, "num_statements": 1, "percent_covered": 100.0, "percent_covered_display": "100", "missing_lines": 0, "excluded_lines": 0, "percent_statements_covered": 100.0, "percent_statements_covered_display": "100"}, "missing_lines": [], "excluded_lines": []}, "_cache_paths": {"executed_lines": [], "summary": {"covered_lines": 0, "num_statements": 6, "percent_covered": 0.0, "percent_covered_display": "0", "missing_lines": 6, "excluded_lines": 0, "percent_statements_covered": 0.0, "percent_statements_covered_display": "0"}, "missing_lines": [172, 173, 174, 175, 176, 177], "excluded_lines": []}, "_read_json": {"executed_lines": [181, 182], "summary": {"covered_lines": 2, "num_statements": 4, "percent_covered": 50.0, "percent_covered_display": "50", "missing_lines": 2, "excluded_lines": 0, "percent_statements_covered": 50.0, "percent_statements_covered_display": "50"}, "missing_lines": [184, 194], "excluded_lines": []}, "_read_json._load": {"executed_lines": [], "summary": {"covered_lines": 0, "num_statements": 8, "percent_covered": 0.0, "percent_covered_display": "0", "missing_lines": 8, "excluded_lines": 0, "percent_statements_covered": 0.0, "percent_statements_covered_display": "0"}, "missing_lines": [185, 186, 187, 188, 189, 190, 191, 192], "excluded_lines": []}, "_write_json": {"executed_lines": [198, 203], "summary": {"covered_lines": 2, "num_statements": 2, "percent_covered": 100.0, "percent_covered_display": "100", "missing_lines": 0, "excluded_lines": 0, "percent_statements_covered": 100.0, "percent_statements_covered_display": "100"}, "missing_lines": [], "excluded_lines": []}, "_write_json._dump": {"executed_lines": [199, 200, 201], "summary": {"covered_lines": 3, "num_statements": 3, "percent_covered": 100.0, "percent_covered_display": "100", "missing_lines": 0, "excluded_lines": 0, "percent_statements_covered": 100.0, "percent_statements_covered_display": "100"}, "missing_lines": [], "excluded_lines": []}, "_read_entries": {"executed_lines": [], "summary": {"covered_lines": 0, "num_statements": 4, "percent_covered": 0.0, "percent_covered_display": "0", "missing_lines": 4, "excluded_lines": 0, "percent_statements_covered": 0.0, "percent_statements_covered_display": "0"}, "missing_lines": [207, 208, 210, 234], "excluded_lines": []}, "_read_entries._load": {"executed_lines": [], "summary": {"covered_lines": 0, "num_statements": 13, "percent_covered": 0.0, "percent_covered_display": "0", "missing_lines": 13, "excluded_lines": 0, "percent_statements_covered": 0.0, "percent_statements_covered_display": "0"}, "missing_lines": [211, 212, 213, 214, 215, 216, 217, 218, 219, 229, 230, 231, 232], "excluded_lines": []}, "_write_entries": {"executed_lines": [238, 252], "summary": {"covered_lines": 2, "num_statements": 2, "percent_covered": 100.0, "percent_covered_display": "100", "missing_lines": 0, "excluded_lines": 0, "percent_statements_covered": 100.0, "percent_statements_covered_display": "100"}, "missing_lines": [], "excluded_lines": []}, "_write_entries._dump": {"executed_lines": [239, 240, 241, 242, 250], "summary": {"covered_lines": 5, "num_statements": 5, "percent_covered": 100.0, "percent_covered_display": "100", "missing_lines": 0, "excluded_lines": 0, "percent_statements_covered": 100.0, "percent_statements_covered_display": "100"}, "missing_lines": [], "excluded_lines": []}, "_resolve_handbook_path": {"executed_lines": [256, 257, 258, 266, 269, 273], "summary": {"covered_lines": 6, "num_statements": 16, "percent_covered": 37.5, "percent_covered_display": "38", "missing_lines": 10, "excluded_lines": 0, "percent_statements_covered": 37.5, "percent_statements_covered_display": "38"}, "missing_lines": [259, 260, 261, 262, 263, 264, 267, 268, 270, 271], "excluded_lines": []}, "_read_handbook": {"executed_lines": [277, 278], "summary": {"covered_lines": 2, "num_statements": 5, "percent_covered": 40.0, "percent_covered_display": "40", "missing_lines": 3, "excluded_lines": 0, "percent_statements_covered": 40.0, "percent_statements_covered_display": "40"}, "missing_lines": [279, 280, 281], "excluded_lines": []}, "_mtime_ns": {"executed_lines": [285, 286, 287], "summary": {"covered_lines": 3, "num_statements": 6, "percent_covered": 50.0, "percent_covered_display": "50", "missing_lines": 3, "excluded_lines": 0, "percent_statements_covered": 50.0, "percent_statements_covered_display": "50"}, "missing_lines": [288, 289, 290], "excluded_lines": []}, "_parse_sections": {"executed_lines": [294, 295, 296, 297, 298, 300, 301, 302, 303, 304, 311, 312, 313, 314, 315, 316, 318, 319, 327, 328], "summary": {"covered_lines": 20, "num_statements": 24, "percent_covered": 83.33333333333333, "percent_covered_display": "83", "missing_lines": 4, "excluded_lines": 0, "percent_statements_covered": 83.33333333333333, "percent_statements_covered_display": "83"}, "missing_lines": [330, 331, 332, 333], "excluded_lines": []}, "_build_entries": {"executed_lines": [337, 340, 341, 342, 343, 352], "summary": {"covered_lines": 6, "num_statements": 6, "percent_covered": 100.0, "percent_covered_display": "100", "missing_lines": 0, "excluded_lines": 0, "percent_statements_covered": 100.0, "percent_statements_covered_display": "100"}, "missing_lines": [], "excluded_lines": []}, "_render_cli_reference_section": {"executed_lines": [], "summary": {"covered_lines": 0, "num_statements": 1, "percent_covered": 0.0, "percent_covered_display": "0", "missing_lines": 1, "excluded_lines": 0, "percent_statements_covered": 0.0, "percent_statements_covered_display": "0"}, "missing_lines": [356], "excluded_lines": []}, "_replace_cli_reference": {"executed_lines": [], "summary": {"covered_lines": 0, "num_statements": 7, "percent_covered": 0.0, "percent_covered_display": "0", "missing_lines": 7, "excluded_lines": 0, "percent_statements_covered": 0.0, "percent_statements_covered_display": "0"}, "missing_lines": [362, 364, 380, 381, 382, 384, 385], "excluded_lines": []}, "_replace_cli_reference._rewrite": {"executed_lines": [], "summary": {"covered_lines": 0, "num_statements": 9, "percent_covered": 0.0, "percent_covered_display": "0", "missing_lines": 9, "excluded_lines": 0, "percent_statements_covered": 0.0, "percent_statements_covered_display": "0"}, "missing_lines": [365, 366, 367, 368, 370, 373, 374, 376, 378], "excluded_lines": []}, "_build_embedding_client": {"executed_lines": [389, 390, 391, 392, 393, 394, 395, 396], "summary": {"covered_lines": 8, "num_statements": 8, "percent_covered": 100.0, "percent_covered_display": "100", "missing_lines": 0, "excluded_lines": 0, "percent_statements_covered": 100.0, "percent_statements_covered_display": "100"}, "missing_lines": [], "excluded_lines": []}, "_reset_store": {"executed_lines": [400, 401], "summary": {"covered_lines": 2, "num_statements": 4, "percent_covered": 50.0, "percent_covered_display": "50", "missing_lines": 2, "excluded_lines": 0, "percent_statements_covered": 50.0, "percent_statements_covered_display": "50"}, "missing_lines": [403, 406], "excluded_lines": []}, "_reset_store._remove": {"executed_lines": [], "summary": {"covered_lines": 0, "num_statements": 1, "percent_covered": 0.0, "percent_covered_display": "0", "missing_lines": 1, "excluded_lines": 0, "percent_statements_covered": 0.0, "percent_statements_covered_display": "0"}, "missing_lines": [404], "excluded_lines": []}, "_insert_into_store": {"executed_lines": [415, 417, 418, 421, 424, 425, 427, 433, 434], "summary": {"covered_lines": 9, "num_statements": 14, "percent_covered": 64.28571428571429, "percent_covered_display": "64", "missing_lines": 5, "excluded_lines": 0, "percent_statements_covered": 64.28571428571429, "percent_statements_covered_display": "64"}, "missing_lines": [420, 422, 423, 435, 436], "excluded_lines": []}, "_insert_into_store._insert": {"executed_lines": [428, 429, 430], "summary": {"covered_lines": 3, "num_statements": 4, "percent_covered": 75.0, "percent_covered_display": "75", "missing_lines": 1, "excluded_lines": 0, "percent_statements_covered": 75.0, "percent_statements_covered_display": "75"}, "missing_lines": [431], "excluded_lines": []}, "_load_or_index_entries": {"executed_lines": [448, 449, 458, 459, 460, 461, 464, 468, 469, 470, 471, 472, 473, 475, 476, 481, 482, 484], "summary": {"covered_lines": 18, "num_statements": 26, "percent_covered": 69.23076923076923, "percent_covered_display": "69", "missing_lines": 8, "excluded_lines": 0, "percent_statements_covered": 69.23076923076923, "percent_statements_covered_display": "69"}, "missing_lines": [450, 451, 452, 453, 454, 455, 456, 465], "excluded_lines": []}, "_cosine_similarity": {"executed_lines": [], "summary": {"covered_lines": 0, "num_statements": 8, "percent_covered": 0.0, "percent_covered_display": "0", "missing_lines": 8, "excluded_lines": 0, "percent_statements_covered": 0.0, "percent_statements_covered_display": "0"}, "missing_lines": [488, 489, 490, 491, 492, 493, 494, 495], "excluded_lines": []}, "_local_vector_search": {"executed_lines": [], "summary": {"covered_lines": 0, "num_statements": 9, "percent_covered": 0.0, "percent_covered_display": "0", "missing_lines": 9, "excluded_lines": 0, "percent_statements_covered": 0.0, "percent_statements_covered_display": "0"}, "missing_lines": [501, 502, 503, 504, 505, 506, 507, 508, 509], "excluded_lines": []}, "_keyword_search": {"executed_lines": [513, 514, 515, 516, 517, 519, 520, 522], "summary": {"covered_lines": 8, "num_statements": 10, "percent_covered": 80.0, "percent_covered_display": "80", "missing_lines": 2, "excluded_lines": 0, "percent_statements_covered": 80.0, "percent_statements_covered_display": "80"}, "missing_lines": [518, 521], "excluded_lines": []}, "_search_entries": {"executed_lines": [534, 538, 543, 546, 547, 548, 549, 552, 555, 557, 558, 559], "summary": {"covered_lines": 12, "num_statements": 21, "percent_covered": 57.142857142857146, "percent_covered_display": "57", "missing_lines": 9, "excluded_lines": 0, "percent_statements_covered": 57.142857142857146, "percent_statements_covered_display": "57"}, "missing_lines": [539, 540, 541, 561, 564, 565, 566, 567, 569], "excluded_lines": []}, "_render_results": {"executed_lines": [573, 577, 578, 585, 586], "summary": {"covered_lines": 5, "num_statements": 7, "percent_covered": 71.42857142857143, "percent_covered_display": "71", "missing_lines": 2, "excluded_lines": 0, "percent_statements_covered": 71.42857142857143, "percent_statements_covered_display": "71"}, "missing_lines": [574, 575], "excluded_lines": []}, "parse_protocols": {"executed_lines": [], "summary": {"covered_lines": 0, "num_statements": 8, "percent_covered": 0.0, "percent_covered_display": "0", "missing_lines": 8, "excluded_lines": 0, "percent_statements_covered": 0.0, "percent_statements_covered_display": "0"}, "missing_lines": [591, 592, 593, 594, 595, 596, 597, 598], "excluded_lines": []}, "handbook": {"executed_lines": [615, 617, 674], "summary": {"covered_lines": 3, "num_statements": 3, "percent_covered": 100.0, "percent_covered_display": "100", "missing_lines": 0, "excluded_lines": 0, "percent_statements_covered": 100.0, "percent_statements_covered_display": "100"}, "missing_lines": [], "excluded_lines": []}, "handbook._run": {"executed_lines": [618, 619, 622, 623, 626, 630, 631, 635, 636, 639, 640, 642, 645, 654, 664, 672], "summary": {"covered_lines": 16, "num_statements": 28, "percent_covered": 57.142857142857146, "percent_covered_display": "57", "missing_lines": 12, "excluded_lines": 0, "percent_statements_covered": 57.142857142857146, "percent_statements_covered_display": "57"}, "missing_lines": [620, 624, 627, 628, 632, 633, 637, 646, 649, 650, 651, 652], "excluded_lines": []}, "verify_protocol": {"executed_lines": [], "summary": {"covered_lines": 0, "num_statements": 5, "percent_covered": 0.0, "percent_covered_display": "0", "missing_lines": 5, "excluded_lines": 0, "percent_statements_covered": 0.0, "percent_statements_covered_display": "0"}, "missing_lines": [683, 685, 740, 741, 742], "excluded_lines": []}, "verify_protocol._run": {"executed_lines": [], "summary": {"covered_lines": 0, "num_statements": 41, "percent_covered": 0.0, "percent_covered_display": "0", "missing_lines": 41, "excluded_lines": 0, "percent_statements_covered": 0.0, "percent_statements_covered_display": "0"}, "missing_lines": [686, 687, 688, 690, 691, 692, 693, 695, 696, 697, 700, 701, 702, 703, 704, 707, 708, 709, 710, 712, 713, 714, 715, 716, 718, 719, 720, 721, 723, 724, 725, 726, 727, 729, 730, 733, 734, 735, 736, 737, 738], "excluded_lines": []}, "internal_update_reference": {"executed_lines": [], "summary": {"covered_lines": 0, "num_statements": 4, "percent_covered": 0.0, "percent_covered_display": "0", "missing_lines": 4, "excluded_lines": 0, "percent_statements_covered": 0.0, "percent_statements_covered_display": "0"}, "missing_lines": [749, 774, 775, 776], "excluded_lines": []}, "internal_update_reference._run": {"executed_lines": [], "summary": {"covered_lines": 0, "num_statements": 16, "percent_covered": 0.0, "percent_covered_display": "0", "missing_lines": 16, "excluded_lines": 0, "percent_statements_covered": 0.0, "percent_statements_covered_display": "0"}, "missing_lines": [750, 751, 753, 754, 755, 756, 757, 758, 759, 761, 764, 765, 766, 769, 771, 772], "excluded_lines": []}, "": {"executed_lines": [1, 3, 4, 5, 6, 7, 8, 9, 10, 11, 12, 14, 15, 16, 17, 18, 20, 21, 22, 23, 30, 31, 32, 33, 35, 36, 37, 38, 41, 43, 46, 47, 48, 49, 50, 52, 56, 57, 58, 59, 60, 63, 64, 65, 66, 67, 70, 82, 110, 118, 136, 155, 159, 164, 171, 180, 197, 206, 237, 255, 276, 284, 293, 336, 355, 361, 388, 399, 409, 439, 487, 498, 512, 525, 572, 589, 601, 602, 677, 678, 745, 746], "summary": {"covered_lines": 82, "num_statements": 82, "percent_covered": 100.0, "percent_covered_display": "100", "missing_lines": 0, "excluded_lines": 0, "percent_statements_covered": 100.0, "percent_statements_covered_display": "100"}, "missing_lines": [], "excluded_lines": []}}, "classes": {"HandbookSection": {"executed_lines": [53], "summary": {"covered_lines": 1, "num_statements": 1, "percent_covered": 100.0, "percent_covered_display": "100", "missing_lines": 0, "excluded_lines": 0, "percent_statements_covered": 100.0, "percent_statements_covered_display": "100"}, "missing_lines": [], "excluded_lines": []}, "CLICommandRef": {"executed_lines": [], "summary": {"covered_lines": 0, "num_statements": 0, "percent_covered": 100.0, "percent_covered_display": "100", "missing_lines": 0, "excluded_lines": 0, "percent_statements_covered": 100.0, "percent_statements_covered_display": "100"}, "missing_lines": [], "excluded_lines": []}, "MCPToolRef": {"executed_lines": [], "summary": {"covered_lines": 0, "num_statements": 0, "percent_covered": 100.0, "percent_covered_display": "100", "missing_lines": 0, "excluded_lines": 0, "percent_statements_covered": 100.0, "percent_statements_covered_display": "100"}, "missing_lines": [], "excluded_lines": []}, "": {"executed_lines": [1, 3, 4, 5, 6, 7, 8, 9, 10, 11, 12, 14, 15, 16, 17, 18, 20, 21, 22, 23, 30, 31, 32, 33, 35, 36, 37, 38, 41, 43, 46, 47, 48, 49, 50, 52, 56, 57, 58, 59, 60, 63, 64, 65, 66, 67, 70, 82, 110, 118, 136, 155, 156, 159, 160, 161, 164, 165, 166, 168, 171, 180, 181, 182, 197, 198, 199, 200, 201, 203, 206, 237, 238, 239, 240, 241, 242, 250, 252, 255, 256, 257, 258, 266, 269, 273, 276, 277, 278, 284, 285, 286, 287, 293, 294, 295, 296, 297, 298, 300, 301, 302, 303, 304, 311, 312, 313, 314, 315, 316, 318, 319, 327, 328, 336, 337, 340, 341, 342, 343, 352, 355, 361, 388, 389, 390, 391, 392, 393, 394, 395, 396, 399, 400, 401, 409, 415, 417, 418, 421, 424, 425, 427, 428, 429, 430, 433, 434, 439, 448, 449, 458, 459, 460, 461, 464, 468, 469, 470, 471, 472, 473, 475, 476, 481, 482, 484, 487, 498, 512, 513, 514, 515, 516, 517, 519, 520, 522, 525, 534, 538, 543, 546, 547, 548, 549, 552, 555, 557, 558, 559, 572, 573, 577, 578, 585, 586, 589, 601, 602, 615, 617, 618, 619, 622, 623, 626, 630, 631, 635, 636, 639, 640, 642, 645, 654, 664, 672, 674, 677, 678, 745, 746], "summary": {"covered_lines": 223, "num_statements": 484, "percent_covered": 46.074380165289256, "percent_covered_display": "46", "missing_lines": 261, "excluded_lines": 0, "percent_statements_covered": 46.074380165289256, "percent_statements_covered_display": "46"}, "missing_lines": [71, 72, 73, 74, 75, 76, 78, 79, 83, 85, 86, 88, 89, 90, 91, 92, 93, 94, 95, 96, 98, 99, 100, 101, 105, 106, 107, 111, 112, 113, 114, 115, 119, 120, 121, 122, 123, 124, 125, 126, 127, 128, 129, 130, 131, 132, 133, 137, 138, 140, 141, 142, 143, 145, 146, 147, 150, 152, 172, 173, 174, 175, 176, 177, 184, 185, 186, 187, 188, 189, 190, 191, 192, 194, 207, 208, 210, 211, 212, 213, 214, 215, 216, 217, 218, 219, 229, 230, 231, 232, 234, 259, 260, 261, 262, 263, 264, 267, 268, 270, 271, 279, 280, 281, 288, 289, 290, 330, 331, 332, 333, 356, 362, 364, 365, 366, 367, 368, 370, 373, 374, 376, 378, 380, 381, 382, 384, 385, 403, 404, 406, 420, 422, 423, 431, 435, 436, 450, 451, 452, 453, 454, 455, 456, 465, 488, 489, 490, 491, 492, 493, 494, 495, 501, 502, 503, 504, 505, 506, 507, 508, 509, 518, 521, 539, 540, 541, 561, 564, 565, 566, 567, 569, 574, 575, 591, 592, 593, 594, 595, 596, 597, 598, 620, 624, 627, 628, 632, 633, 637, 646, 649, 650, 651, 652, 683, 685, 686, 687, 688, 690, 691, 692, 693, 695, 696, 697, 700, 701, 702, 703, 704, 707, 708, 709, 710, 712, 713, 714, 715, 716, 718, 719, 720, 721, 723, 724, 725, 726, 727, 729, 730, 733, 734, 735, 736, 737, 738, 740, 741, 742, 749, 750, 751, 753, 754, 755, 756, 757, 758, 759, 761, 764, 765, 766, 769, 771, 772, 774, 775, 776], "excluded_lines": []}}}, "src/jpscripts/commands/init.py": {"executed_lines": [1, 3, 4, 5, 6, 7, 8, 10, 11, 12, 13, 15, 16, 17, 20, 21, 22, 35, 38, 46, 47, 48, 50, 51, 52, 55, 56, 57, 58, 59, 65, 69, 70, 73, 84, 90, 91, 93, 94, 95, 97, 101, 148, 154], "summary": {"covered_lines": 44, "num_statements": 92, "percent_covered": 47.82608695652174, "percent_covered_display": "48", "missing_lines": 48, "excluded_lines": 0, "percent_statements_covered": 47.82608695652174, "percent_statements_covered_display": "48"}, "missing_lines": [71, 98, 103, 104, 106, 107, 108, 110, 111, 112, 115, 117, 120, 121, 122, 123, 124, 127, 136, 138, 139, 140, 141, 142, 143, 144, 145, 150, 151, 155, 156, 157, 158, 159, 161, 162, 163, 165, 166, 167, 169, 170, 171, 172, 173, 174, 175, 176], "excluded_lines": [], "functions": {"_write_config": {"executed_lines": [21, 22, 35], "summary": {"covered_lines": 3, "num_statements": 3, "percent_covered": 100.0, "percent_covered_display": "100", "missing_lines": 0, "excluded_lines": 0, "percent_statements_covered": 100.0, "percent_statements_covered_display": "100"}, "missing_lines": [], "excluded_lines": []}, "init": {"executed_lines": [46, 47, 48, 50, 51, 52, 55, 56, 57, 58, 59, 65, 69, 70, 73, 84, 90, 91, 93, 94, 95, 97], "summary": {"covered_lines": 22, "num_statements": 24, "percent_covered": 91.66666666666667, "percent_covered_display": "92", "missing_lines": 2, "excluded_lines": 0, "percent_statements_covered": 91.66666666666667, "percent_statements_covered_display": "92"}, "missing_lines": [71, 98], "excluded_lines": []}, "config_fix": {"executed_lines": [], "summary": {"covered_lines": 0, "num_statements": 25, "percent_covered": 0.0, "percent_covered_display": "0", "missing_lines": 25, "excluded_lines": 0, "percent_statements_covered": 0.0, "percent_statements_covered_display": "0"}, "missing_lines": [103, 104, 106, 107, 108, 110, 111, 112, 115, 117, 120, 121, 122, 123, 124, 127, 136, 138, 139, 140, 141, 142, 143, 144, 145], "excluded_lines": []}, "_run_codex_command": {"executed_lines": [], "summary": {"covered_lines": 0, "num_statements": 2, "percent_covered": 0.0, "percent_covered_display": "0", "missing_lines": 2, "excluded_lines": 0, "percent_statements_covered": 0.0, "percent_statements_covered_display": "0"}, "missing_lines": [150, 151], "excluded_lines": []}, "_install_precommit_hook": {"executed_lines": [], "summary": {"covered_lines": 0, "num_statements": 19, "percent_covered": 0.0, "percent_covered_display": "0", "missing_lines": 19, "excluded_lines": 0, "percent_statements_covered": 0.0, "percent_statements_covered_display": "0"}, "missing_lines": [155, 156, 157, 158, 159, 161, 162, 163, 165, 166, 167, 169, 170, 171, 172, 173, 174, 175, 176], "excluded_lines": []}, "": {"executed_lines": [1, 3, 4, 5, 6, 7, 8, 10, 11, 12, 13, 15, 16, 17, 20, 38, 101, 148, 154], "summary": {"covered_lines": 19, "num_statements": 19, "percent_covered": 100.0, "percent_covered_display": "100", "missing_lines": 0, "excluded_lines": 0, "percent_statements_covered": 100.0, "percent_statements_covered_display": "100"}, "missing_lines": [], "excluded_lines": []}}, "classes": {"": {"executed_lines": [1, 3, 4, 5, 6, 7, 8, 10, 11, 12, 13, 15, 16, 17, 20, 21, 22, 35, 38, 46, 47, 48, 50, 51, 52, 55, 56, 57, 58, 59, 65, 69, 70, 73, 84, 90, 91, 93, 94, 95, 97, 101, 148, 154], "summary": {"covered_lines": 44, "num_statements": 92, "percent_covered": 47.82608695652174, "percent_covered_display": "48", "missing_lines": 48, "excluded_lines": 0, "percent_statements_covered": 47.82608695652174, "percent_statements_covered_display": "48"}, "missing_lines": [71, 98, 103, 104, 106, 107, 108, 110, 111, 112, 115, 117, 120, 121, 122, 123, 124, 127, 136, 138, 139, 140, 141, 142, 143, 144, 145, 150, 151, 155, 156, 157, 158, 159, 161, 162, 163, 165, 166, 167, 169, 170, 171, 172, 173, 174, 175, 176], "excluded_lines": []}}}, "src/jpscripts/commands/map.py": {"executed_lines": [1, 3, 5, 7, 8, 11], "summary": {"covered_lines": 6, "num_statements": 15, "percent_covered": 40.0, "percent_covered_display": "40", "missing_lines": 9, "excluded_lines": 0, "percent_statements_covered": 40.0, "percent_statements_covered_display": "40"}, "missing_lines": [17, 18, 19, 20, 21, 22, 24, 25, 27], "excluded_lines": [], "functions": {"map_cmd": {"executed_lines": [], "summary": {"covered_lines": 0, "num_statements": 9, "percent_covered": 0.0, "percent_covered_display": "0", "missing_lines": 9, "excluded_lines": 0, "percent_statements_covered": 0.0, "percent_statements_covered_display": "0"}, "missing_lines": [17, 18, 19, 20, 21, 22, 24, 25, 27], "excluded_lines": []}, "": {"executed_lines": [1, 3, 5, 7, 8, 11], "summary": {"covered_lines": 6, "num_statements": 6, "percent_covered": 100.0, "percent_covered_display": "100", "missing_lines": 0, "excluded_lines": 0, "percent_statements_covered": 100.0, "percent_statements_covered_display": "100"}, "missing_lines": [], "excluded_lines": []}}, "classes": {"": {"executed_lines": [1, 3, 5, 7, 8, 11], "summary": {"covered_lines": 6, "num_statements": 15, "percent_covered": 40.0, "percent_covered_display": "40", "missing_lines": 9, "excluded_lines": 0, "percent_statements_covered": 40.0, "percent_statements_covered_display": "40"}, "missing_lines": [17, 18, 19, 20, 21, 22, 24, 25, 27], "excluded_lines": []}}}, "src/jpscripts/commands/memory.py": {"executed_lines": [1, 3, 4, 5, 7, 8, 9, 10, 12, 13, 25, 27, 30, 31, 51, 52, 79, 80, 100, 101, 112, 113], "summary": {"covered_lines": 22, "num_statements": 110, "percent_covered": 20.0, "percent_covered_display": "20", "missing_lines": 88, "excluded_lines": 0, "percent_statements_covered": 20.0, "percent_statements_covered_display": "20"}, "missing_lines": [37, 38, 39, 40, 41, 42, 43, 58, 59, 60, 61, 62, 63, 65, 66, 67, 69, 72, 73, 74, 76, 84, 85, 86, 87, 88, 90, 92, 93, 94, 95, 96, 97, 103, 104, 105, 106, 107, 108, 109, 123, 125, 126, 127, 128, 129, 131, 132, 133, 134, 136, 137, 138, 140, 141, 142, 143, 145, 146, 147, 150, 152, 153, 155, 156, 157, 158, 159, 160, 161, 163, 164, 165, 167, 170, 171, 172, 173, 174, 176, 177, 179, 180, 181, 182, 183, 184, 188], "excluded_lines": [], "functions": {"add": {"executed_lines": [], "summary": {"covered_lines": 0, "num_statements": 7, "percent_covered": 0.0, "percent_covered_display": "0", "missing_lines": 7, "excluded_lines": 0, "percent_statements_covered": 0.0, "percent_statements_covered_display": "0"}, "missing_lines": [37, 38, 39, 40, 41, 42, 43], "excluded_lines": []}, "search": {"executed_lines": [], "summary": {"covered_lines": 0, "num_statements": 14, "percent_covered": 0.0, "percent_covered_display": "0", "missing_lines": 14, "excluded_lines": 0, "percent_statements_covered": 0.0, "percent_statements_covered_display": "0"}, "missing_lines": [58, 59, 60, 61, 62, 63, 65, 66, 67, 69, 72, 73, 74, 76], "excluded_lines": []}, "reindex": {"executed_lines": [], "summary": {"covered_lines": 0, "num_statements": 12, "percent_covered": 0.0, "percent_covered_display": "0", "missing_lines": 12, "excluded_lines": 0, "percent_statements_covered": 0.0, "percent_statements_covered_display": "0"}, "missing_lines": [84, 85, 86, 87, 88, 90, 92, 93, 94, 95, 96, 97], "excluded_lines": []}, "vacuum": {"executed_lines": [], "summary": {"covered_lines": 0, "num_statements": 7, "percent_covered": 0.0, "percent_covered_display": "0", "missing_lines": 7, "excluded_lines": 0, "percent_statements_covered": 0.0, "percent_statements_covered_display": "0"}, "missing_lines": [103, 104, 105, 106, 107, 108, 109], "excluded_lines": []}, "consolidate": {"executed_lines": [], "summary": {"covered_lines": 0, "num_statements": 48, "percent_covered": 0.0, "percent_covered_display": "0", "missing_lines": 48, "excluded_lines": 0, "percent_statements_covered": 0.0, "percent_statements_covered_display": "0"}, "missing_lines": [123, 125, 126, 127, 128, 129, 131, 132, 133, 134, 136, 137, 138, 140, 141, 142, 143, 145, 146, 147, 150, 152, 153, 155, 156, 157, 158, 159, 160, 161, 163, 164, 165, 167, 170, 171, 172, 173, 174, 176, 177, 179, 180, 181, 182, 183, 184, 188], "excluded_lines": []}, "": {"executed_lines": [1, 3, 4, 5, 7, 8, 9, 10, 12, 13, 25, 27, 30, 31, 51, 52, 79, 80, 100, 101, 112, 113], "summary": {"covered_lines": 22, "num_statements": 22, "percent_covered": 100.0, "percent_covered_display": "100", "missing_lines": 0, "excluded_lines": 0, "percent_statements_covered": 100.0, "percent_statements_covered_display": "100"}, "missing_lines": [], "excluded_lines": []}}, "classes": {"": {"executed_lines": [1, 3, 4, 5, 7, 8, 9, 10, 12, 13, 25, 27, 30, 31, 51, 52, 79, 80, 100, 101, 112, 113], "summary": {"covered_lines": 22, "num_statements": 110, "percent_covered": 20.0, "percent_covered_display": "20", "missing_lines": 88, "excluded_lines": 0, "percent_statements_covered": 20.0, "percent_statements_covered_display": "20"}, "missing_lines": [37, 38, 39, 40, 41, 42, 43, 58, 59, 60, 61, 62, 63, 65, 66, 67, 69, 72, 73, 74, 76, 84, 85, 86, 87, 88, 90, 92, 93, 94, 95, 96, 97, 103, 104, 105, 106, 107, 108, 109, 123, 125, 126, 127, 128, 129, 131, 132, 133, 134, 136, 137, 138, 140, 141, 142, 143, 145, 146, 147, 150, 152, 153, 155, 156, 157, 158, 159, 160, 161, 163, 164, 165, 167, 170, 171, 172, 173, 174, 176, 177, 179, 180, 181, 182, 183, 184, 188], "excluded_lines": []}}}, "src/jpscripts/commands/nav.py": {"executed_lines": [1, 3, 4, 5, 6, 8, 9, 10, 11, 13, 16, 17, 18, 21, 22, 25, 32, 51, 52, 53, 55, 59, 60, 61, 63, 64, 65, 70, 71, 74, 75, 77, 81, 82, 84, 90, 91, 92, 93, 95, 96, 102, 105], "summary": {"covered_lines": 43, "num_statements": 82, "percent_covered": 52.4390243902439, "percent_covered_display": "52", "missing_lines": 39, "excluded_lines": 0, "percent_statements_covered": 52.4390243902439, "percent_statements_covered_display": "52"}, "missing_lines": [29, 56, 57, 72, 73, 78, 79, 85, 86, 87, 88, 111, 112, 114, 115, 116, 117, 118, 119, 120, 121, 123, 124, 125, 127, 128, 130, 131, 132, 134, 135, 136, 137, 138, 139, 140, 143, 145, 146], "excluded_lines": [], "functions": {"_human_time": {"executed_lines": [22], "summary": {"covered_lines": 1, "num_statements": 1, "percent_covered": 100.0, "percent_covered_display": "100", "missing_lines": 0, "excluded_lines": 0, "percent_statements_covered": 100.0, "percent_statements_covered_display": "100"}, "missing_lines": [], "excluded_lines": []}, "_fzf_select": {"executed_lines": [], "summary": {"covered_lines": 0, "num_statements": 1, "percent_covered": 0.0, "percent_covered_display": "0", "missing_lines": 1, "excluded_lines": 0, "percent_statements_covered": 0.0, "percent_statements_covered_display": "0"}, "missing_lines": [29], "excluded_lines": []}, "recent": {"executed_lines": [51, 52, 53, 55, 59, 60, 61, 63, 70, 71, 74, 75, 77, 81, 82, 84, 90, 91, 92, 93, 95, 96, 102], "summary": {"covered_lines": 23, "num_statements": 33, "percent_covered": 69.6969696969697, "percent_covered_display": "70", "missing_lines": 10, "excluded_lines": 0, "percent_statements_covered": 69.6969696969697, "percent_statements_covered_display": "70"}, "missing_lines": [56, 57, 72, 73, 78, 79, 85, 86, 87, 88], "excluded_lines": []}, "recent.run_scan": {"executed_lines": [64, 65], "summary": {"covered_lines": 2, "num_statements": 2, "percent_covered": 100.0, "percent_covered_display": "100", "missing_lines": 0, "excluded_lines": 0, "percent_statements_covered": 100.0, "percent_statements_covered_display": "100"}, "missing_lines": [], "excluded_lines": []}, "proj": {"executed_lines": [], "summary": {"covered_lines": 0, "num_statements": 27, "percent_covered": 0.0, "percent_covered_display": "0", "missing_lines": 27, "excluded_lines": 0, "percent_statements_covered": 0.0, "percent_statements_covered_display": "0"}, "missing_lines": [111, 114, 115, 116, 117, 118, 119, 120, 121, 123, 124, 125, 127, 128, 130, 131, 132, 134, 135, 136, 137, 138, 139, 140, 143, 145, 146], "excluded_lines": []}, "proj.run_query": {"executed_lines": [], "summary": {"covered_lines": 0, "num_statements": 1, "percent_covered": 0.0, "percent_covered_display": "0", "missing_lines": 1, "excluded_lines": 0, "percent_statements_covered": 0.0, "percent_statements_covered_display": "0"}, "missing_lines": [112], "excluded_lines": []}, "": {"executed_lines": [1, 3, 4, 5, 6, 8, 9, 10, 11, 13, 16, 17, 18, 21, 25, 32, 105], "summary": {"covered_lines": 17, "num_statements": 17, "percent_covered": 100.0, "percent_covered_display": "100", "missing_lines": 0, "excluded_lines": 0, "percent_statements_covered": 100.0, "percent_statements_covered_display": "100"}, "missing_lines": [], "excluded_lines": []}}, "classes": {"": {"executed_lines": [1, 3, 4, 5, 6, 8, 9, 10, 11, 13, 16, 17, 18, 21, 22, 25, 32, 51, 52, 53, 55, 59, 60, 61, 63, 64, 65, 70, 71, 74, 75, 77, 81, 82, 84, 90, 91, 92, 93, 95, 96, 102, 105], "summary": {"covered_lines": 43, "num_statements": 82, "percent_covered": 52.4390243902439, "percent_covered_display": "52", "missing_lines": 39, "excluded_lines": 0, "percent_statements_covered": 52.4390243902439, "percent_statements_covered_display": "52"}, "missing_lines": [29, 56, 57, 72, 73, 78, 79, 85, 86, 87, 88, 111, 112, 114, 115, 116, 117, 118, 119, 120, 121, 123, 124, 125, 127, 128, 130, 131, 132, 134, 135, 136, 137, 138, 139, 140, 143, 145, 146], "excluded_lines": []}}}, "src/jpscripts/commands/notes.py": {"executed_lines": [1, 3, 4, 5, 6, 7, 8, 9, 11, 12, 13, 14, 16, 17, 18, 19, 20, 21, 23, 24, 25, 28, 58, 109, 110, 111, 112, 113, 116, 140, 153, 212, 239, 257, 290, 357], "summary": {"covered_lines": 36, "num_statements": 222, "percent_covered": 16.216216216216218, "percent_covered_display": "16", "missing_lines": 186, "excluded_lines": 0, "percent_statements_covered": 16.216216216216218, "percent_statements_covered_display": "16"}, "missing_lines": [35, 36, 39, 40, 42, 44, 45, 46, 48, 49, 50, 51, 52, 53, 54, 55, 64, 65, 66, 67, 68, 70, 72, 73, 74, 75, 83, 84, 85, 87, 88, 89, 90, 92, 93, 95, 96, 99, 100, 101, 103, 104, 106, 122, 123, 124, 125, 126, 127, 128, 129, 130, 131, 137, 141, 142, 143, 144, 145, 146, 147, 148, 149, 150, 159, 160, 161, 162, 163, 165, 166, 167, 168, 169, 170, 171, 172, 173, 175, 176, 177, 184, 185, 186, 187, 189, 190, 191, 192, 193, 194, 195, 196, 197, 198, 199, 200, 201, 202, 204, 205, 207, 209, 217, 218, 221, 222, 224, 225, 226, 228, 229, 230, 232, 233, 234, 235, 236, 241, 242, 243, 244, 253, 254, 259, 260, 262, 263, 264, 265, 267, 268, 270, 271, 274, 275, 277, 278, 279, 280, 281, 283, 284, 285, 299, 300, 301, 303, 304, 305, 306, 307, 308, 309, 313, 314, 316, 320, 322, 323, 324, 326, 327, 328, 329, 330, 331, 332, 333, 335, 336, 337, 338, 339, 343, 345, 346, 347, 348, 349, 350, 351, 352, 354, 359, 360], "excluded_lines": [], "functions": {"note": {"executed_lines": [], "summary": {"covered_lines": 0, "num_statements": 16, "percent_covered": 0.0, "percent_covered_display": "0", "missing_lines": 16, "excluded_lines": 0, "percent_statements_covered": 0.0, "percent_statements_covered_display": "0"}, "missing_lines": [35, 36, 39, 40, 42, 44, 45, 46, 48, 49, 50, 51, 52, 53, 54, 55], "excluded_lines": []}, "note_search": {"executed_lines": [], "summary": {"covered_lines": 0, "num_statements": 27, "percent_covered": 0.0, "percent_covered_display": "0", "missing_lines": 27, "excluded_lines": 0, "percent_statements_covered": 0.0, "percent_statements_covered_display": "0"}, "missing_lines": [64, 65, 66, 67, 68, 70, 72, 73, 74, 75, 83, 84, 85, 87, 88, 89, 90, 92, 93, 95, 96, 99, 100, 101, 103, 104, 106], "excluded_lines": []}, "_collect_repo_commits": {"executed_lines": [], "summary": {"covered_lines": 0, "num_statements": 11, "percent_covered": 0.0, "percent_covered_display": "0", "missing_lines": 11, "excluded_lines": 0, "percent_statements_covered": 0.0, "percent_statements_covered_display": "0"}, "missing_lines": [122, 123, 124, 125, 126, 127, 128, 129, 130, 131, 137], "excluded_lines": []}, "_detect_user_email": {"executed_lines": [], "summary": {"covered_lines": 0, "num_statements": 10, "percent_covered": 0.0, "percent_covered_display": "0", "missing_lines": 10, "excluded_lines": 0, "percent_statements_covered": 0.0, "percent_statements_covered_display": "0"}, "missing_lines": [141, 142, 143, 144, 145, 146, 147, 148, 149, 150], "excluded_lines": []}, "standup": {"executed_lines": [], "summary": {"covered_lines": 0, "num_statements": 16, "percent_covered": 0.0, "percent_covered_display": "0", "missing_lines": 16, "excluded_lines": 0, "percent_statements_covered": 0.0, "percent_statements_covered_display": "0"}, "missing_lines": [159, 160, 161, 162, 163, 165, 166, 167, 168, 169, 170, 171, 172, 173, 175, 209], "excluded_lines": []}, "standup._render_standup": {"executed_lines": [], "summary": {"covered_lines": 0, "num_statements": 23, "percent_covered": 0.0, "percent_covered_display": "0", "missing_lines": 23, "excluded_lines": 0, "percent_statements_covered": 0.0, "percent_statements_covered_display": "0"}, "missing_lines": [176, 177, 184, 185, 186, 187, 189, 190, 191, 192, 193, 194, 195, 196, 197, 198, 199, 200, 201, 202, 204, 205, 207], "excluded_lines": []}, "standup_note": {"executed_lines": [], "summary": {"covered_lines": 0, "num_statements": 15, "percent_covered": 0.0, "percent_covered_display": "0", "missing_lines": 15, "excluded_lines": 0, "percent_statements_covered": 0.0, "percent_statements_covered_display": "0"}, "missing_lines": [217, 218, 221, 222, 224, 225, 226, 228, 229, 230, 232, 233, 234, 235, 236], "excluded_lines": []}, "_init_db": {"executed_lines": [], "summary": {"covered_lines": 0, "num_statements": 6, "percent_covered": 0.0, "percent_covered_display": "0", "missing_lines": 6, "excluded_lines": 0, "percent_statements_covered": 0.0, "percent_statements_covered_display": "0"}, "missing_lines": [241, 242, 243, 244, 253, 254], "excluded_lines": []}, "_migrate_legacy_history": {"executed_lines": [], "summary": {"covered_lines": 0, "num_statements": 20, "percent_covered": 0.0, "percent_covered_display": "0", "missing_lines": 20, "excluded_lines": 0, "percent_statements_covered": 0.0, "percent_statements_covered_display": "0"}, "missing_lines": [259, 260, 262, 263, 264, 265, 267, 268, 270, 271, 274, 275, 277, 278, 279, 280, 281, 283, 284, 285], "excluded_lines": []}, "cliphist": {"executed_lines": [], "summary": {"covered_lines": 0, "num_statements": 40, "percent_covered": 0.0, "percent_covered_display": "0", "missing_lines": 40, "excluded_lines": 0, "percent_statements_covered": 0.0, "percent_statements_covered_display": "0"}, "missing_lines": [299, 300, 301, 303, 304, 305, 306, 307, 308, 309, 313, 314, 316, 320, 322, 323, 324, 326, 327, 328, 329, 330, 331, 332, 333, 335, 336, 337, 338, 339, 343, 345, 346, 347, 348, 349, 350, 351, 352, 354], "excluded_lines": []}, "_launch_editor": {"executed_lines": [], "summary": {"covered_lines": 0, "num_statements": 2, "percent_covered": 0.0, "percent_covered_display": "0", "missing_lines": 2, "excluded_lines": 0, "percent_statements_covered": 0.0, "percent_statements_covered_display": "0"}, "missing_lines": [359, 360], "excluded_lines": []}, "": {"executed_lines": [1, 3, 4, 5, 6, 7, 8, 9, 11, 12, 13, 14, 16, 17, 18, 19, 20, 21, 23, 24, 25, 28, 58, 109, 110, 111, 112, 113, 116, 140, 153, 212, 239, 257, 290, 357], "summary": {"covered_lines": 36, "num_statements": 36, "percent_covered": 100.0, "percent_covered_display": "100", "missing_lines": 0, "excluded_lines": 0, "percent_statements_covered": 100.0, "percent_statements_covered_display": "100"}, "missing_lines": [], "excluded_lines": []}}, "classes": {"RepoSummary": {"executed_lines": [], "summary": {"covered_lines": 0, "num_statements": 0, "percent_covered": 100.0, "percent_covered_display": "100", "missing_lines": 0, "excluded_lines": 0, "percent_statements_covered": 100.0, "percent_statements_covered_display": "100"}, "missing_lines": [], "excluded_lines": []}, "": {"executed_lines": [1, 3, 4, 5, 6, 7, 8, 9, 11, 12, 13, 14, 16, 17, 18, 19, 20, 21, 23, 24, 25, 28, 58, 109, 110, 111, 112, 113, 116, 140, 153, 212, 239, 257, 290, 357], "summary": {"covered_lines": 36, "num_statements": 222, "percent_covered": 16.216216216216218, "percent_covered_display": "16", "missing_lines": 186, "excluded_lines": 0, "percent_statements_covered": 16.216216216216218, "percent_statements_covered_display": "16"}, "missing_lines": [35, 36, 39, 40, 42, 44, 45, 46, 48, 49, 50, 51, 52, 53, 54, 55, 64, 65, 66, 67, 68, 70, 72, 73, 74, 75, 83, 84, 85, 87, 88, 89, 90, 92, 93, 95, 96, 99, 100, 101, 103, 104, 106, 122, 123, 124, 125, 126, 127, 128, 129, 130, 131, 137, 141, 142, 143, 144, 145, 146, 147, 148, 149, 150, 159, 160, 161, 162, 163, 165, 166, 167, 168, 169, 170, 171, 172, 173, 175, 176, 177, 184, 185, 186, 187, 189, 190, 191, 192, 193, 194, 195, 196, 197, 198, 199, 200, 201, 202, 204, 205, 207, 209, 217, 218, 221, 222, 224, 225, 226, 228, 229, 230, 232, 233, 234, 235, 236, 241, 242, 243, 244, 253, 254, 259, 260, 262, 263, 264, 265, 267, 268, 270, 271, 274, 275, 277, 278, 279, 280, 281, 283, 284, 285, 299, 300, 301, 303, 304, 305, 306, 307, 308, 309, 313, 314, 316, 320, 322, 323, 324, 326, 327, 328, 329, 330, 331, 332, 333, 335, 336, 337, 338, 339, 343, 345, 346, 347, 348, 349, 350, 351, 352, 354, 359, 360], "excluded_lines": []}}}, "src/jpscripts/commands/search.py": {"executed_lines": [1, 3, 4, 5, 7, 8, 9, 10, 12, 13, 14, 17, 46, 80], "summary": {"covered_lines": 14, "num_statements": 65, "percent_covered": 21.53846153846154, "percent_covered_display": "22", "missing_lines": 51, "excluded_lines": 0, "percent_statements_covered": 21.53846153846154, "percent_statements_covered_display": "22"}, "missing_lines": [24, 26, 27, 28, 29, 30, 31, 32, 34, 35, 38, 39, 40, 41, 42, 43, 52, 54, 55, 56, 57, 59, 60, 61, 63, 64, 65, 66, 67, 69, 71, 72, 74, 75, 77, 89, 91, 92, 95, 96, 97, 98, 99, 101, 102, 112, 113, 114, 115, 116, 117], "excluded_lines": [], "functions": {"ripper": {"executed_lines": [], "summary": {"covered_lines": 0, "num_statements": 16, "percent_covered": 0.0, "percent_covered_display": "0", "missing_lines": 16, "excluded_lines": 0, "percent_statements_covered": 0.0, "percent_statements_covered_display": "0"}, "missing_lines": [24, 26, 27, 28, 29, 30, 31, 32, 34, 35, 38, 39, 40, 41
[...]
 32, 33, 34, 36, 37, 48, 51, 54, 63, 73, 74, 76, 80, 82, 85, 97, 139, 148, 151, 152, 154, 155, 157, 158, 159, 160, 162, 165, 166, 177, 203, 211, 212, 215, 216, 219, 220, 223, 227, 231, 235, 239, 345, 446, 448, 451], "summary": {"covered_lines": 47, "num_statements": 65, "percent_covered": 72.3076923076923, "percent_covered_display": "72", "missing_lines": 18, "excluded_lines": 2, "percent_statements_covered": 72.3076923076923, "percent_statements_covered_display": "72"}, "missing_lines": [87, 88, 89, 91, 92, 94, 121, 123, 124, 126, 127, 129, 130, 132, 133, 135, 136, 156], "excluded_lines": [48, 49]}}}, "src/jpscripts/providers/factory.py": {"executed_lines": [1, 24, 26, 27, 28, 30, 39, 43, 44, 45, 54, 55, 56, 57, 58, 61, 68, 75, 86, 146, 176, 192, 193, 207, 213, 214, 215, 217, 224, 236, 237, 238, 241, 242, 243, 246, 247, 252, 253, 255, 258], "summary": {"covered_lines": 38, "num_statements": 73, "percent_covered": 52.054794520547944, "percent_covered_display": "52", "missing_lines": 35, "excluded_lines": 2, "percent_statements_covered": 52.054794520547944, "percent_statements_covered_display": "52"}, "missing_lines": [63, 65, 70, 72, 81, 83, 122, 126, 127, 128, 129, 132, 133, 136, 137, 139, 140, 143, 153, 154, 158, 159, 160, 161, 162, 163, 169, 172, 173, 189, 204, 248, 249, 250, 251], "excluded_lines": [39, 40], "functions": {"_create_anthropic_provider": {"executed_lines": [], "summary": {"covered_lines": 0, "num_statements": 2, "percent_covered": 0.0, "percent_covered_display": "0", "missing_lines": 2, "excluded_lines": 0, "percent_statements_covered": 0.0, "percent_statements_covered_display": "0"}, "missing_lines": [63, 65], "excluded_lines": []}, "_create_openai_provider": {"executed_lines": [], "summary": {"covered_lines": 0, "num_statements": 2, "percent_covered": 0.0, "percent_covered_display": "0", "missing_lines": 2, "excluded_lines": 0, "percent_statements_covered": 0.0, "percent_statements_covered_display": "0"}, "missing_lines": [70, 72], "excluded_lines": []}, "_create_codex_provider": {"executed_lines": [], "summary": {"covered_lines": 0, "num_statements": 2, "percent_covered": 0.0, "percent_covered_display": "0", "missing_lines": 2, "excluded_lines": 0, "percent_statements_covered": 0.0, "percent_statements_covered_display": "0"}, "missing_lines": [81, 83], "excluded_lines": []}, "get_provider": {"executed_lines": [], "summary": {"covered_lines": 0, "num_statements": 12, "percent_covered": 0.0, "percent_covered_display": "0", "missing_lines": 12, "excluded_lines": 0, "percent_statements_covered": 0.0, "percent_statements_covered_display": "0"}, "missing_lines": [122, 126, 127, 128, 129, 132, 133, 136, 137, 139, 140, 143], "excluded_lines": []}, "_instantiate_provider": {"executed_lines": [], "summary": {"covered_lines": 0, "num_statements": 11, "percent_covered": 0.0, "percent_covered_display": "0", "missing_lines": 11, "excluded_lines": 0, "percent_statements_covered": 0.0, "percent_statements_covered_display": "0"}, "missing_lines": [153, 154, 158, 159, 160, 161, 162, 163, 169, 172, 173], "excluded_lines": []}, "get_provider_for_model": {"executed_lines": [], "summary": {"covered_lines": 0, "num_statements": 1, "percent_covered": 0.0, "percent_covered_display": "0", "missing_lines": 1, "excluded_lines": 0, "percent_statements_covered": 0.0, "percent_statements_covered_display": "0"}, "missing_lines": [189], "excluded_lines": []}, "get_default_provider": {"executed_lines": [], "summary": {"covered_lines": 0, "num_statements": 1, "percent_covered": 0.0, "percent_covered_display": "0", "missing_lines": 1, "excluded_lines": 0, "percent_statements_covered": 0.0, "percent_statements_covered_display": "0"}, "missing_lines": [204], "excluded_lines": []}, "list_available_models": {"executed_lines": [213, 214, 215, 217], "summary": {"covered_lines": 4, "num_statements": 4, "percent_covered": 100.0, "percent_covered_display": "100", "missing_lines": 0, "excluded_lines": 0, "percent_statements_covered": 100.0, "percent_statements_covered_display": "100"}, "missing_lines": [], "excluded_lines": []}, "get_model_context_limit": {"executed_lines": [236, 237, 238, 241, 242, 243, 246, 247, 252, 253, 255], "summary": {"covered_lines": 11, "num_statements": 15, "percent_covered": 73.33333333333333, "percent_covered_display": "73", "missing_lines": 4, "excluded_lines": 0, "percent_statements_covered": 73.33333333333333, "percent_statements_covered_display": "73"}, "missing_lines": [248, 249, 250, 251], "excluded_lines": []}, "": {"executed_lines": [1, 24, 26, 27, 28, 30, 39, 43, 44, 45, 54, 55, 56, 57, 58, 61, 68, 75, 86, 146, 176, 192, 193, 207, 224, 258], "summary": {"covered_lines": 23, "num_statements": 23, "percent_covered": 100.0, "percent_covered_display": "100", "missing_lines": 0, "excluded_lines": 2, "percent_statements_covered": 100.0, "percent_statements_covered_display": "100"}, "missing_lines": [], "excluded_lines": [39, 40]}}, "classes": {"ProviderConfig": {"executed_lines": [], "summary": {"covered_lines": 0, "num_statements": 0, "percent_covered": 100.0, "percent_covered_display": "100", "missing_lines": 0, "excluded_lines": 0, "percent_statements_covered": 100.0, "percent_statements_covered_display": "100"}, "missing_lines": [], "excluded_lines": []}, "": {"executed_lines": [1, 24, 26, 27, 28, 30, 39, 43, 44, 45, 54, 55, 56, 57, 58, 61, 68, 75, 86, 146, 176, 192, 193, 207, 213, 214, 215, 217, 224, 236, 237, 238, 241, 242, 243, 246, 247, 252, 253, 255, 258], "summary": {"covered_lines": 38, "num_statements": 73, "percent_covered": 52.054794520547944, "percent_covered_display": "52", "missing_lines": 35, "excluded_lines": 2, "percent_statements_covered": 52.054794520547944, "percent_statements_covered_display": "52"}, "missing_lines": [63, 65, 70, 72, 81, 83, 122, 126, 127, 128, 129, 132, 133, 136, 137, 139, 140, 143, 153, 154, 158, 159, 160, 161, 162, 163, 169, 172, 173, 189, 204, 248, 249, 250, 251], "excluded_lines": [39, 40]}}}, "src/jpscripts/providers/openai.py": {"executed_lines": [1, 17, 19, 20, 21, 23, 24, 43, 44, 45, 48, 49, 50, 53, 54, 55, 58, 59, 60, 63, 64, 65, 68, 69, 70, 71, 74, 75, 78, 79, 80, 83, 84, 85, 88, 89, 90, 93, 94, 97, 98, 101, 102, 106, 120, 129, 137, 147, 158, 160, 163, 178, 179, 182, 184, 188, 190, 191, 192, 193, 196, 199, 201, 203, 204, 205, 207, 211, 213, 215, 218, 222, 225, 238, 264, 265, 271, 275, 295, 296, 299, 300, 303, 304, 307, 312, 316, 408, 482, 508], "summary": {"covered_lines": 87, "num_statements": 225, "percent_covered": 38.666666666666664, "percent_covered_display": "39", "missing_lines": 138, "excluded_lines": 3, "percent_statements_covered": 38.666666666666664, "percent_statements_covered_display": "39"}, "missing_lines": [183, 186, 197, 212, 223, 242, 243, 245, 247, 248, 249, 250, 251, 252, 254, 261, 272, 273, 277, 278, 280, 281, 282, 283, 287, 288, 289, 291, 292, 293, 297, 301, 305, 308, 309, 310, 314, 323, 324, 326, 327, 330, 336, 337, 338, 340, 343, 344, 346, 347, 349, 350, 353, 354, 357, 358, 359, 360, 361, 362, 364, 370, 371, 373, 374, 375, 376, 377, 379, 382, 383, 384, 385, 387, 388, 389, 390, 392, 393, 394, 399, 415, 416, 418, 419, 421, 428, 429, 430, 432, 434, 435, 437, 438, 440, 441, 443, 444, 446, 447, 448, 450, 451, 452, 453, 454, 456, 457, 464, 466, 467, 469, 470, 471, 473, 475, 479, 480, 484, 485, 486, 487, 489, 490, 491, 492, 493, 494, 495, 496, 497, 498, 499, 500, 501, 502, 503, 505], "excluded_lines": [94, 95, 96], "functions": {"_CompletionsAPI.create": {"executed_lines": [94], "summary": {"covered_lines": 0, "num_statements": 0, "percent_covered": 100.0, "percent_covered_display": "100", "missing_lines": 0, "excluded_lines": 1, "percent_statements_covered": 100.0, "percent_statements_covered_display": "100"}, "missing_lines": [], "excluded_lines": [94]}, "_resolve_model_id": {"executed_lines": [160], "summary": {"covered_lines": 1, "num_statements": 1, "percent_covered": 100.0, "percent_covered_display": "100", "missing_lines": 0, "excluded_lines": 0, "percent_statements_covered": 100.0, "percent_statements_covered_display": "100"}, "missing_lines": [], "excluded_lines": []}, "_convert_messages_to_openai": {"executed_lines": [178, 179, 182, 184, 188, 190, 191, 192, 193, 196, 199, 201, 203, 204, 205, 207, 211, 213, 215], "summary": {"covered_lines": 19, "num_statements": 23, "percent_covered": 82.6086956521739, "percent_covered_display": "83", "missing_lines": 4, "excluded_lines": 0, "percent_statements_covered": 82.6086956521739, "percent_statements_covered_display": "83"}, "missing_lines": [183, 186, 197, 212], "excluded_lines": []}, "_convert_tools_to_openai": {"executed_lines": [222, 225], "summary": {"covered_lines": 2, "num_statements": 3, "percent_covered": 66.66666666666667, "percent_covered_display": "67", "missing_lines": 1, "excluded_lines": 0, "percent_statements_covered": 66.66666666666667, "percent_statements_covered_display": "67"}, "missing_lines": [223], "excluded_lines": []}, "_parse_tool_calls": {"executed_lines": [], "summary": {"covered_lines": 0, "num_statements": 11, "percent_covered": 0.0, "percent_covered_display": "0", "missing_lines": 11, "excluded_lines": 0, "percent_statements_covered": 0.0, "percent_statements_covered_display": "0"}, "missing_lines": [242, 243, 245, 247, 248, 249, 250, 251, 252, 254, 261], "excluded_lines": []}, "OpenAIProvider.__init__": {"executed_lines": [], "summary": {"covered_lines": 0, "num_statements": 2, "percent_covered": 0.0, "percent_covered_display": "0", "missing_lines": 2, "excluded_lines": 0, "percent_statements_covered": 0.0, "percent_statements_covered_display": "0"}, "missing_lines": [272, 273], "excluded_lines": []}, "OpenAIProvider._get_client": {"executed_lines": [], "summary": {"covered_lines": 0, "num_statements": 12, "percent_covered": 0.0, "percent_covered_display": "0", "missing_lines": 12, "excluded_lines": 0, "percent_statements_covered": 0.0, "percent_statements_covered_display": "0"}, "missing_lines": [277, 278, 280, 281, 282, 283, 287, 288, 289, 291, 292, 293], "excluded_lines": []}, "OpenAIProvider.provider_type": {"executed_lines": [], "summary": {"covered_lines": 0, "num_statements": 1, "percent_covered": 0.0, "percent_covered_display": "0", "missing_lines": 1, "excluded_lines": 0, "percent_statements_covered": 0.0, "percent_statements_covered_display": "0"}, "missing_lines": [297], "excluded_lines": []}, "OpenAIProvider.default_model": {"executed_lines": [], "summary": {"covered_lines": 0, "num_statements": 1, "percent_covered": 0.0, "percent_covered_display": "0", "missing_lines": 1, "excluded_lines": 0, "percent_statements_covered": 0.0, "percent_statements_covered_display": "0"}, "missing_lines": [301], "excluded_lines": []}, "OpenAIProvider.available_models": {"executed_lines": [], "summary": {"covered_lines": 0, "num_statements": 1, "percent_covered": 0.0, "percent_covered_display": "0", "missing_lines": 1, "excluded_lines": 0, "percent_statements_covered": 0.0, "percent_statements_covered_display": "0"}, "missing_lines": [305], "excluded_lines": []}, "OpenAIProvider.get_context_limit": {"executed_lines": [], "summary": {"covered_lines": 0, "num_statements": 3, "percent_covered": 0.0, "percent_covered_display": "0", "missing_lines": 3, "excluded_lines": 0, "percent_statements_covered": 0.0, "percent_statements_covered_display": "0"}, "missing_lines": [308, 309, 310], "excluded_lines": []}, "OpenAIProvider.supports_tools": {"executed_lines": [], "summary": {"covered_lines": 0, "num_statements": 1, "percent_covered": 0.0, "percent_covered_display": "0", "missing_lines": 1, "excluded_lines": 0, "percent_statements_covered": 0.0, "percent_statements_covered_display": "0"}, "missing_lines": [314], "excluded_lines": []}, "OpenAIProvider.complete": {"executed_lines": [], "summary": {"covered_lines": 0, "num_statements": 44, "percent_covered": 0.0, "percent_covered_display": "0", "missing_lines": 44, "excluded_lines": 0, "percent_statements_covered": 0.0, "percent_statements_covered_display": "0"}, "missing_lines": [323, 324, 326, 327, 330, 336, 337, 338, 340, 343, 344, 346, 347, 349, 350, 353, 354, 357, 358, 359, 360, 361, 362, 364, 370, 371, 373, 374, 375, 376, 377, 379, 382, 383, 384, 385, 387, 388, 389, 390, 392, 393, 394, 399], "excluded_lines": []}, "OpenAIProvider.stream": {"executed_lines": [], "summary": {"covered_lines": 0, "num_statements": 37, "percent_covered": 0.0, "percent_covered_display": "0", "missing_lines": 37, "excluded_lines": 0, "percent_statements_covered": 0.0, "percent_statements_covered_display": "0"}, "missing_lines": [415, 416, 418, 419, 421, 428, 429, 430, 432, 434, 435, 437, 438, 440, 441, 443, 444, 446, 447, 448, 450, 451, 452, 453, 454, 456, 457, 464, 466, 467, 469, 470, 471, 473, 475, 479, 480], "excluded_lines": []}, "OpenAIProvider._handle_api_error": {"executed_lines": [], "summary": {"covered_lines": 0, "num_statements": 20, "percent_covered": 0.0, "percent_covered_display": "0", "missing_lines": 20, "excluded_lines": 0, "percent_statements_covered": 0.0, "percent_statements_covered_display": "0"}, "missing_lines": [484, 485, 486, 487, 489, 490, 491, 492, 493, 494, 495, 496, 497, 498, 499, 500, 501, 502, 503, 505], "excluded_lines": []}, "": {"executed_lines": [1, 17, 19, 20, 21, 23, 24, 43, 44, 45, 48, 49, 50, 53, 54, 55, 58, 59, 60, 63, 64, 65, 68, 69, 70, 71, 74, 75, 78, 79, 80, 83, 84, 85, 88, 89, 90, 93, 97, 98, 101, 102, 106, 120, 129, 137, 147, 158, 163, 218, 238, 264, 265, 271, 275, 295, 296, 299, 300, 303, 304, 307, 312, 316, 408, 482, 508], "summary": {"covered_lines": 65, "num_statements": 65, "percent_covered": 100.0, "percent_covered_display": "100", "missing_lines": 0, "excluded_lines": 2, "percent_statements_covered": 100.0, "percent_statements_covered_display": "100"}, "missing_lines": [], "excluded_lines": [95, 96]}}, "classes": {"_ToolFunction": {"executed_lines": [], "summary": {"covered_lines": 0, "num_statements": 0, "percent_covered": 100.0, "percent_covered_display": "100", "missing_lines": 0, "excluded_lines": 0, "percent_statements_covered": 100.0, "percent_statements_covered_display": "100"}, "missing_lines": [], "excluded_lines": []}, "_ChatToolCall": {"executed_lines": [], "summary": {"covered_lines": 0, "num_statements": 0, "percent_covered": 100.0, "percent_covered_display": "100", "missing_lines": 0, "excluded_lines": 0, "percent_statements_covered": 100.0, "percent_statements_covered_display": "100"}, "missing_lines": [], "excluded_lines": []}, "_CompletionMessage": {"executed_lines": [], "summary": {"covered_lines": 0, "num_statements": 0, "percent_covered": 100.0, "percent_covered_display": "100", "missing_lines": 0, "excluded_lines": 0, "percent_statements_covered": 100.0, "percent_statements_covered_display": "100"}, "missing_lines": [], "excluded_lines": []}, "_CompletionChoice": {"executed_lines": [], "summary": {"covered_lines": 0, "num_statements": 0, "percent_covered": 100.0, "percent_covered_display": "100", "missing_lines": 0, "excluded_lines": 0, "percent_statements_covered": 100.0, "percent_statements_covered_display": "100"}, "missing_lines": [], "excluded_lines": []}, "_Usage": {"executed_lines": [], "summary": {"covered_lines": 0, "num_statements": 0, "percent_covered": 100.0, "percent_covered_display": "100", "missing_lines": 0, "excluded_lines": 0, "percent_statements_covered": 100.0, "percent_statements_covered_display": "100"}, "missing_lines": [], "excluded_lines": []}, "_CompletionResponse": {"executed_lines": [], "summary": {"covered_lines": 0, "num_statements": 0, "percent_covered": 100.0, "percent_covered_display": "100", "missing_lines": 0, "excluded_lines": 0, "percent_statements_covered": 100.0, "percent_statements_covered_display": "100"}, "missing_lines": [], "excluded_lines": []}, "_Delta": {"executed_lines": [], "summary": {"covered_lines": 0, "num_statements": 0, "percent_covered": 100.0, "percent_covered_display": "100", "missing_lines": 0, "excluded_lines": 0, "percent_statements_covered": 100.0, "percent_statements_covered_display": "100"}, "missing_lines": [], "excluded_lines": []}, "_StreamChoice": {"executed_lines": [], "summary": {"covered_lines": 0, "num_statements": 0, "percent_covered": 100.0, "percent_covered_display": "100", "missing_lines": 0, "excluded_lines": 0, "percent_statements_covered": 100.0, "percent_statements_covered_display": "100"}, "missing_lines": [], "excluded_lines": []}, "_StreamUsage": {"executed_lines": [], "summary": {"covered_lines": 0, "num_statements": 0, "percent_covered": 100.0, "percent_covered_display": "100", "missing_lines": 0, "excluded_lines": 0, "percent_statements_covered": 100.0, "percent_statements_covered_display": "100"}, "missing_lines": [], "excluded_lines": []}, "_StreamChunk": {"executed_lines": [], "summary": {"covered_lines": 0, "num_statements": 0, "percent_covered": 100.0, "percent_covered_display": "100", "missing_lines": 0, "excluded_lines": 0, "percent_statements_covered": 100.0, "percent_statements_covered_display": "100"}, "missing_lines": [], "excluded_lines": []}, "_CompletionsAPI": {"executed_lines": [94], "summary": {"covered_lines": 0, "num_statements": 0, "percent_covered": 100.0, "percent_covered_display": "100", "missing_lines": 0, "excluded_lines": 1, "percent_statements_covered": 100.0, "percent_statements_covered_display": "100"}, "missing_lines": [], "excluded_lines": [94]}, "_ChatAPI": {"executed_lines": [], "summary": {"covered_lines": 0, "num_statements": 0, "percent_covered": 100.0, "percent_covered_display": "100", "missing_lines": 0, "excluded_lines": 0, "percent_statements_covered": 100.0, "percent_statements_covered_display": "100"}, "missing_lines": [], "excluded_lines": []}, "OpenAIClientProtocol": {"executed_lines": [], "summary": {"covered_lines": 0, "num_statements": 0, "percent_covered": 100.0, "percent_covered_display": "100", "missing_lines": 0, "excluded_lines": 0, "percent_statements_covered": 100.0, "percent_statements_covered_display": "100"}, "missing_lines": [], "excluded_lines": []}, "OpenAIProvider": {"executed_lines": [], "summary": {"covered_lines": 0, "num_statements": 122, "percent_covered": 0.0, "percent_covered_display": "0", "missing_lines": 122, "excluded_lines": 0, "percent_statements_covered": 0.0, "percent_statements_covered_display": "0"}, "missing_lines": [272, 273, 277, 278, 280, 281, 282, 283, 287, 288, 289, 291, 292, 293, 297, 301, 305, 308, 309, 310, 314, 323, 324, 326, 327, 330, 336, 337, 338, 340, 343, 344, 346, 347, 349, 350, 353, 354, 357, 358, 359, 360, 361, 362, 364, 370, 371, 373, 374, 375, 376, 377, 379, 382, 383, 384, 385, 387, 388, 389, 390, 392, 393, 394, 399, 415, 416, 418, 419, 421, 428, 429, 430, 432, 434, 435, 437, 438, 440, 441, 443, 444, 446, 447, 448, 450, 451, 452, 453, 454, 456, 457, 464, 466, 467, 469, 470, 471, 473, 475, 479, 480, 484, 485, 486, 487, 489, 490, 491, 492, 493, 494, 495, 496, 497, 498, 499, 500, 501, 502, 503, 505], "excluded_lines": []}, "": {"executed_lines": [1, 17, 19, 20, 21, 23, 24, 43, 44, 45, 48, 49, 50, 53, 54, 55, 58, 59, 60, 63, 64, 65, 68, 69, 70, 71, 74, 75, 78, 79, 80, 83, 84, 85, 88, 89, 90, 93, 97, 98, 101, 102, 106, 120, 129, 137, 147, 158, 160, 163, 178, 179, 182, 184, 188, 190, 191, 192, 193, 196, 199, 201, 203, 204, 205, 207, 211, 213, 215, 218, 222, 225, 238, 264, 265, 271, 275, 295, 296, 299, 300, 303, 304, 307, 312, 316, 408, 482, 508], "summary": {"covered_lines": 87, "num_statements": 103, "percent_covered": 84.46601941747574, "percent_covered_display": "84", "missing_lines": 16, "excluded_lines": 2, "percent_statements_covered": 84.46601941747574, "percent_statements_covered_display": "84"}, "missing_lines": [183, 186, 197, 212, 223, 242, 243, 245, 247, 248, 249, 250, 251, 252, 254, 261], "excluded_lines": [95, 96]}}}}, "totals": {"covered_lines": 6065, "num_statements": 11357, "percent_covered": 53.4031874614775, "percent_covered_display": "53", "missing_lines": 5292, "excluded_lines": 249, "percent_statements_covered": 53.4031874614775, "percent_statements_covered_display": "53"}}